{"C:\\Users\\User\\vibeguide\\src\\types.ts": {"path":"C:\\Users\\User\\vibeguide\\src\\types.ts","statementMap":{},"fnMap":{},"branchMap":{},"s":{},"f":{},"b":{},"meta":{"lastBranch":0,"lastFunction":0,"lastStatement":0,"seen":{}}}
,"C:\\Users\\User\\vibeguide\\src\\mcp\\toolDescriptions.ts": {"path":"C:\\Users\\User\\vibeguide\\src\\mcp\\toolDescriptions.ts","statementMap":{"0":{"start":{"line":3,"column":45},"end":{"line":37,"column":null}},"1":{"start":{"line":40,"column":2},"end":{"line":40,"column":null}}},"fnMap":{"0":{"name":"getToolDescription","decl":{"start":{"line":39,"column":16},"end":{"line":39,"column":35}},"loc":{"start":{"line":39,"column":57},"end":{"line":40,"column":null}},"line":39}},"branchMap":{"0":{"loc":{"start":{"line":40,"column":9},"end":{"line":40,"column":null}},"type":"binary-expr","locations":[{"start":{"line":40,"column":9},"end":{"line":40,"column":31}},{"start":{"line":40,"column":31},"end":{"line":40,"column":null}}],"line":40}},"s":{"0":0,"1":0},"f":{"0":0},"b":{"0":[0,0]},"meta":{"lastBranch":1,"lastFunction":1,"lastStatement":2,"seen":{"s:3:45:37:Infinity":0,"f:39:16:39:35":0,"s:40:2:40:Infinity":1,"b:40:9:40:31:40:31:40:Infinity":0}}}
,"C:\\Users\\User\\vibeguide\\src\\mcp\\toolOutput.ts": {"path":"C:\\Users\\User\\vibeguide\\src\\mcp\\toolOutput.ts","statementMap":{"0":{"start":{"line":5,"column":2},"end":{"line":5,"column":null}},"1":{"start":{"line":5,"column":34},"end":{"line":5,"column":null}},"2":{"start":{"line":7,"column":21},"end":{"line":7,"column":70}},"3":{"start":{"line":8,"column":15},"end":{"line":8,"column":50}},"4":{"start":{"line":9,"column":2},"end":{"line":10,"column":null}},"5":{"start":{"line":10,"column":4},"end":{"line":10,"column":null}},"6":{"start":{"line":12,"column":2},"end":{"line":12,"column":null}},"7":{"start":{"line":16,"column":46},"end":{"line":16,"column":48}},"8":{"start":{"line":17,"column":2},"end":{"line":18,"column":null}},"9":{"start":{"line":18,"column":4},"end":{"line":18,"column":null}},"10":{"start":{"line":20,"column":2},"end":{"line":20,"column":null}},"11":{"start":{"line":24,"column":2},"end":{"line":24,"column":null}},"12":{"start":{"line":24,"column":28},"end":{"line":24,"column":null}},"13":{"start":{"line":25,"column":2},"end":{"line":25,"column":null}},"14":{"start":{"line":25,"column":51},"end":{"line":25,"column":null}},"15":{"start":{"line":26,"column":2},"end":{"line":26,"column":null}},"16":{"start":{"line":30,"column":2},"end":{"line":30,"column":null}},"17":{"start":{"line":30,"column":26},"end":{"line":30,"column":null}},"18":{"start":{"line":31,"column":2},"end":{"line":31,"column":null}},"19":{"start":{"line":32,"column":2},"end":{"line":32,"column":null}},"20":{"start":{"line":33,"column":2},"end":{"line":33,"column":null}},"21":{"start":{"line":37,"column":18},"end":{"line":37,"column":39}},"22":{"start":{"line":38,"column":2},"end":{"line":38,"column":null}},"23":{"start":{"line":38,"column":29},"end":{"line":38,"column":null}},"24":{"start":{"line":39,"column":2},"end":{"line":39,"column":null}},"25":{"start":{"line":40,"column":2},"end":{"line":40,"column":null}}},"fnMap":{"0":{"name":"compressOutput","decl":{"start":{"line":4,"column":16},"end":{"line":4,"column":31}},"loc":{"start":{"line":4,"column":74},"end":{"line":12,"column":null}},"line":4},"1":{"name":"compressObject","decl":{"start":{"line":15,"column":9},"end":{"line":15,"column":24}},"loc":{"start":{"line":15,"column":79},"end":{"line":20,"column":null}},"line":15},"2":{"name":"compressValue","decl":{"start":{"line":23,"column":9},"end":{"line":23,"column":23}},"loc":{"start":{"line":23,"column":102},"end":{"line":26,"column":null}},"line":23},"3":{"name":"compressArray","decl":{"start":{"line":29,"column":9},"end":{"line":29,"column":23}},"loc":{"start":{"line":29,"column":106},"end":{"line":33,"column":null}},"line":29},"4":{"name":"compressNestedObject","decl":{"start":{"line":36,"column":9},"end":{"line":36,"column":30}},"loc":{"start":{"line":36,"column":125},"end":{"line":40,"column":null}},"line":36}},"branchMap":{"0":{"loc":{"start":{"line":5,"column":2},"end":{"line":5,"column":null}},"type":"if","locations":[{"start":{"line":5,"column":2},"end":{"line":5,"column":null}},{"start":{},"end":{}}],"line":5},"1":{"loc":{"start":{"line":9,"column":2},"end":{"line":10,"column":null}},"type":"if","locations":[{"start":{"line":9,"column":2},"end":{"line":10,"column":null}},{"start":{},"end":{}}],"line":9},"2":{"loc":{"start":{"line":24,"column":2},"end":{"line":24,"column":null}},"type":"if","locations":[{"start":{"line":24,"column":2},"end":{"line":24,"column":null}},{"start":{},"end":{}}],"line":24},"3":{"loc":{"start":{"line":25,"column":2},"end":{"line":25,"column":null}},"type":"if","locations":[{"start":{"line":25,"column":2},"end":{"line":25,"column":null}},{"start":{},"end":{}}],"line":25},"4":{"loc":{"start":{"line":25,"column":6},"end":{"line":25,"column":51}},"type":"binary-expr","locations":[{"start":{"line":25,"column":6},"end":{"line":25,"column":35}},{"start":{"line":25,"column":35},"end":{"line":25,"column":51}}],"line":25},"5":{"loc":{"start":{"line":30,"column":2},"end":{"line":30,"column":null}},"type":"if","locations":[{"start":{"line":30,"column":2},"end":{"line":30,"column":null}},{"start":{},"end":{}}],"line":30},"6":{"loc":{"start":{"line":38,"column":2},"end":{"line":38,"column":null}},"type":"if","locations":[{"start":{"line":38,"column":2},"end":{"line":38,"column":null}},{"start":{},"end":{}}],"line":38}},"s":{"0":0,"1":0,"2":0,"3":0,"4":0,"5":0,"6":0,"7":0,"8":0,"9":0,"10":0,"11":0,"12":0,"13":0,"14":0,"15":0,"16":0,"17":0,"18":0,"19":0,"20":0,"21":0,"22":0,"23":0,"24":0,"25":0},"f":{"0":0,"1":0,"2":0,"3":0,"4":0},"b":{"0":[0,0],"1":[0,0],"2":[0,0],"3":[0,0],"4":[0,0],"5":[0,0],"6":[0,0]},"meta":{"lastBranch":7,"lastFunction":5,"lastStatement":26,"seen":{"f:4:16:4:31":0,"b:5:2:5:Infinity:undefined:undefined:undefined:undefined":0,"s:5:2:5:Infinity":0,"s:5:34:5:Infinity":1,"s:7:21:7:70":2,"s:8:15:8:50":3,"b:9:2:10:Infinity:undefined:undefined:undefined:undefined":1,"s:9:2:10:Infinity":4,"s:10:4:10:Infinity":5,"s:12:2:12:Infinity":6,"f:15:9:15:24":1,"s:16:46:16:48":7,"s:17:2:18:Infinity":8,"s:18:4:18:Infinity":9,"s:20:2:20:Infinity":10,"f:23:9:23:23":2,"b:24:2:24:Infinity:undefined:undefined:undefined:undefined":2,"s:24:2:24:Infinity":11,"s:24:28:24:Infinity":12,"b:25:2:25:Infinity:undefined:undefined:undefined:undefined":3,"s:25:2:25:Infinity":13,"b:25:6:25:35:25:35:25:51":4,"s:25:51:25:Infinity":14,"s:26:2:26:Infinity":15,"f:29:9:29:23":3,"b:30:2:30:Infinity:undefined:undefined:undefined:undefined":5,"s:30:2:30:Infinity":16,"s:30:26:30:Infinity":17,"s:31:2:31:Infinity":18,"s:32:2:32:Infinity":19,"s:33:2:33:Infinity":20,"f:36:9:36:30":4,"s:37:18:37:39":21,"b:38:2:38:Infinity:undefined:undefined:undefined:undefined":6,"s:38:2:38:Infinity":22,"s:38:29:38:Infinity":23,"s:39:2:39:Infinity":24,"s:40:2:40:Infinity":25}}}
,"C:\\Users\\User\\vibeguide\\src\\mcp\\toolSchemas.ts": {"path":"C:\\Users\\User\\vibeguide\\src\\mcp\\toolSchemas.ts","statementMap":{"0":{"start":{"line":4,"column":23},"end":{"line":4,"column":128}},"1":{"start":{"line":6,"column":53},"end":{"line":141,"column":null}}},"fnMap":{},"branchMap":{},"s":{"0":0,"1":0},"f":{},"b":{},"meta":{"lastBranch":0,"lastFunction":0,"lastStatement":2,"seen":{"s:4:23:4:128":0,"s:6:53:141:Infinity":1}}}
,"C:\\Users\\User\\vibeguide\\src\\mcp\\tools.ts": {"path":"C:\\Users\\User\\vibeguide\\src\\mcp\\tools.ts","statementMap":{"0":{"start":{"line":44,"column":70},"end":{"line":79,"column":null}},"1":{"start":{"line":82,"column":2},"end":{"line":86,"column":null}},"2":{"start":{"line":82,"column":58},"end":{"line":86,"column":5}},"3":{"start":{"line":90,"column":18},"end":{"line":90,"column":null}},"4":{"start":{"line":91,"column":17},"end":{"line":91,"column":null}},"5":{"start":{"line":92,"column":2},"end":{"line":93,"column":null}},"6":{"start":{"line":93,"column":4},"end":{"line":93,"column":null}},"7":{"start":{"line":96,"column":17},"end":{"line":96,"column":39}},"8":{"start":{"line":97,"column":2},"end":{"line":98,"column":null}},"9":{"start":{"line":98,"column":4},"end":{"line":98,"column":null}},"10":{"start":{"line":102,"column":2},"end":{"line":105,"column":null}},"11":{"start":{"line":103,"column":4},"end":{"line":103,"column":null}},"12":{"start":{"line":105,"column":4},"end":{"line":105,"column":null}},"13":{"start":{"line":109,"column":20},"end":{"line":109,"column":null}},"14":{"start":{"line":110,"column":2},"end":{"line":116,"column":null}},"15":{"start":{"line":111,"column":4},"end":{"line":116,"column":null}},"16":{"start":{"line":120,"column":15},"end":{"line":120,"column":84}},"17":{"start":{"line":121,"column":24},"end":{"line":121,"column":50}},"18":{"start":{"line":122,"column":17},"end":{"line":122,"column":null}},"19":{"start":{"line":123,"column":15},"end":{"line":123,"column":null}},"20":{"start":{"line":124,"column":2},"end":{"line":125,"column":null}},"21":{"start":{"line":125,"column":4},"end":{"line":125,"column":null}},"22":{"start":{"line":128,"column":2},"end":{"line":135,"column":null}}},"fnMap":{"0":{"name":"registerTools","decl":{"start":{"line":81,"column":16},"end":{"line":81,"column":95}},"loc":{"start":{"line":81,"column":95},"end":{"line":86,"column":null}},"line":81},"1":{"name":"(anonymous_1)","decl":{"start":{"line":82,"column":33},"end":{"line":82,"column":38}},"loc":{"start":{"line":82,"column":58},"end":{"line":86,"column":5}},"line":82},"2":{"name":"handleToolCall","decl":{"start":{"line":89,"column":22},"end":{"line":89,"column":37}},"loc":{"start":{"line":89,"column":80},"end":{"line":135,"column":null}},"line":89}},"branchMap":{"0":{"loc":{"start":{"line":92,"column":2},"end":{"line":93,"column":null}},"type":"if","locations":[{"start":{"line":92,"column":2},"end":{"line":93,"column":null}},{"start":{},"end":{}}],"line":92},"1":{"loc":{"start":{"line":92,"column":6},"end":{"line":92,"column":27}},"type":"binary-expr","locations":[{"start":{"line":92,"column":6},"end":{"line":92,"column":18}},{"start":{"line":92,"column":18},"end":{"line":92,"column":27}}],"line":92},"2":{"loc":{"start":{"line":97,"column":2},"end":{"line":98,"column":null}},"type":"if","locations":[{"start":{"line":97,"column":2},"end":{"line":98,"column":null}},{"start":{},"end":{}}],"line":97},"3":{"loc":{"start":{"line":110,"column":2},"end":{"line":116,"column":null}},"type":"if","locations":[{"start":{"line":110,"column":2},"end":{"line":116,"column":null}},{"start":{},"end":{}}],"line":110},"4":{"loc":{"start":{"line":115,"column":14},"end":{"line":115,"column":null}},"type":"cond-expr","locations":[{"start":{"line":115,"column":43},"end":{"line":115,"column":59}},{"start":{"line":115,"column":63},"end":{"line":115,"column":null}}],"line":115},"5":{"loc":{"start":{"line":120,"column":15},"end":{"line":120,"column":84}},"type":"cond-expr","locations":[{"start":{"line":120,"column":44},"end":{"line":120,"column":53}},{"start":{"line":120,"column":53},"end":{"line":120,"column":84}}],"line":120},"6":{"loc":{"start":{"line":124,"column":2},"end":{"line":125,"column":null}},"type":"if","locations":[{"start":{"line":124,"column":2},"end":{"line":125,"column":null}},{"start":{},"end":{}}],"line":124}},"s":{"0":0,"1":0,"2":0,"3":0,"4":0,"5":0,"6":0,"7":0,"8":0,"9":0,"10":0,"11":0,"12":0,"13":0,"14":0,"15":0,"16":0,"17":0,"18":0,"19":0,"20":0,"21":0,"22":0},"f":{"0":0,"1":0,"2":0},"b":{"0":[0,0],"1":[0,0],"2":[0,0],"3":[0,0],"4":[0,0],"5":[0,0],"6":[0,0]},"meta":{"lastBranch":7,"lastFunction":3,"lastStatement":23,"seen":{"s:44:70:79:Infinity":0,"f:81:16:81:95":0,"s:82:2:86:Infinity":1,"f:82:33:82:38":1,"s:82:58:86:5":2,"f:89:22:89:37":2,"s:90:18:90:Infinity":3,"s:91:17:91:Infinity":4,"b:92:2:93:Infinity:undefined:undefined:undefined:undefined":0,"s:92:2:93:Infinity":5,"b:92:6:92:18:92:18:92:27":1,"s:93:4:93:Infinity":6,"s:96:17:96:39":7,"b:97:2:98:Infinity:undefined:undefined:undefined:undefined":2,"s:97:2:98:Infinity":8,"s:98:4:98:Infinity":9,"s:102:2:105:Infinity":10,"s:103:4:103:Infinity":11,"s:105:4:105:Infinity":12,"s:109:20:109:Infinity":13,"b:110:2:116:Infinity:undefined:undefined:undefined:undefined":3,"s:110:2:116:Infinity":14,"s:111:4:116:Infinity":15,"b:115:43:115:59:115:63:115:Infinity":4,"s:120:15:120:84":16,"b:120:44:120:53:120:53:120:84":5,"s:121:24:121:50":17,"s:122:17:122:Infinity":18,"s:123:15:123:Infinity":19,"b:124:2:125:Infinity:undefined:undefined:undefined:undefined":6,"s:124:2:125:Infinity":20,"s:125:4:125:Infinity":21,"s:128:2:135:Infinity":22}}}
,"C:\\Users\\User\\vibeguide\\src\\mcp\\zodJsonSchema.ts": {"path":"C:\\Users\\User\\vibeguide\\src\\mcp\\zodJsonSchema.ts","statementMap":{"0":{"start":{"line":19,"column":18},"end":{"line":19,"column":null}},"1":{"start":{"line":20,"column":2},"end":{"line":20,"column":null}},"2":{"start":{"line":20,"column":69},"end":{"line":20,"column":null}},"3":{"start":{"line":22,"column":16},"end":{"line":22,"column":36}},"4":{"start":{"line":23,"column":46},"end":{"line":23,"column":48}},"5":{"start":{"line":24,"column":29},"end":{"line":24,"column":31}},"6":{"start":{"line":25,"column":2},"end":{"line":27,"column":null}},"7":{"start":{"line":26,"column":4},"end":{"line":26,"column":null}},"8":{"start":{"line":27,"column":4},"end":{"line":27,"column":null}},"9":{"start":{"line":27,"column":27},"end":{"line":27,"column":null}},"10":{"start":{"line":29,"column":2},"end":{"line":29,"column":null}},"11":{"start":{"line":33,"column":15},"end":{"line":33,"column":null}},"12":{"start":{"line":34,"column":2},"end":{"line":34,"column":null}},"13":{"start":{"line":34,"column":73},"end":{"line":34,"column":null}},"14":{"start":{"line":35,"column":2},"end":{"line":35,"column":null}},"15":{"start":{"line":39,"column":15},"end":{"line":39,"column":null}},"16":{"start":{"line":40,"column":19},"end":{"line":40,"column":null}},"17":{"start":{"line":41,"column":8},"end":{"line":43,"column":null}},"18":{"start":{"line":42,"column":4},"end":{"line":42,"column":null}},"19":{"start":{"line":42,"column":26},"end":{"line":42,"column":null}},"20":{"start":{"line":43,"column":4},"end":{"line":43,"column":null}},"21":{"start":{"line":46,"column":17},"end":{"line":46,"column":51}},"22":{"start":{"line":47,"column":2},"end":{"line":47,"column":null}},"23":{"start":{"line":47,"column":14},"end":{"line":47,"column":null}},"24":{"start":{"line":48,"column":2},"end":{"line":48,"column":null}},"25":{"start":{"line":48,"column":31},"end":{"line":48,"column":null}},"26":{"start":{"line":49,"column":2},"end":{"line":49,"column":null}},"27":{"start":{"line":49,"column":34},"end":{"line":49,"column":null}},"28":{"start":{"line":50,"column":2},"end":{"line":50,"column":null}},"29":{"start":{"line":50,"column":33},"end":{"line":50,"column":null}},"30":{"start":{"line":51,"column":2},"end":{"line":51,"column":null}},"31":{"start":{"line":51,"column":34},"end":{"line":51,"column":null}},"32":{"start":{"line":52,"column":2},"end":{"line":52,"column":null}},"33":{"start":{"line":52,"column":32},"end":{"line":52,"column":null}},"34":{"start":{"line":53,"column":2},"end":{"line":53,"column":null}},"35":{"start":{"line":57,"column":2},"end":{"line":57,"column":null}},"36":{"start":{"line":57,"column":32},"end":{"line":57,"column":null}},"37":{"start":{"line":58,"column":2},"end":{"line":58,"column":null}},"38":{"start":{"line":58,"column":32},"end":{"line":58,"column":null}},"39":{"start":{"line":59,"column":2},"end":{"line":59,"column":null}},"40":{"start":{"line":59,"column":33},"end":{"line":59,"column":null}},"41":{"start":{"line":60,"column":2},"end":{"line":60,"column":null}},"42":{"start":{"line":60,"column":30},"end":{"line":60,"column":null}},"43":{"start":{"line":61,"column":2},"end":{"line":61,"column":null}},"44":{"start":{"line":61,"column":33},"end":{"line":61,"column":null}},"45":{"start":{"line":62,"column":2},"end":{"line":62,"column":null}},"46":{"start":{"line":66,"column":15},"end":{"line":66,"column":94}},"47":{"start":{"line":67,"column":2},"end":{"line":67,"column":null}},"48":{"start":{"line":67,"column":25},"end":{"line":67,"column":null}},"49":{"start":{"line":68,"column":2},"end":{"line":68,"column":null}},"50":{"start":{"line":72,"column":15},"end":{"line":72,"column":94}},"51":{"start":{"line":73,"column":2},"end":{"line":73,"column":null}},"52":{"start":{"line":74,"column":2},"end":{"line":74,"column":null}}},"fnMap":{"0":{"name":"zodToJsonSchema","decl":{"start":{"line":18,"column":16},"end":{"line":18,"column":32}},"loc":{"start":{"line":18,"column":63},"end":{"line":29,"column":null}},"line":18},"1":{"name":"isRequired","decl":{"start":{"line":32,"column":9},"end":{"line":32,"column":20}},"loc":{"start":{"line":32,"column":51},"end":{"line":35,"column":null}},"line":32},"2":{"name":"zodTypeToJson","decl":{"start":{"line":38,"column":9},"end":{"line":38,"column":23}},"loc":{"start":{"line":38,"column":54},"end":{"line":53,"column":null}},"line":38},"3":{"name":"(anonymous_3)","decl":{"start":{"line":41,"column":8},"end":{"line":41,"column":27}},"loc":{"start":{"line":41,"column":61},"end":{"line":43,"column":null}},"line":41},"4":{"name":"scalarZodTypeToJson","decl":{"start":{"line":56,"column":9},"end":{"line":56,"column":29}},"loc":{"start":{"line":56,"column":105},"end":{"line":62,"column":null}},"line":56},"5":{"name":"zodDefaultToJson","decl":{"start":{"line":65,"column":9},"end":{"line":65,"column":26}},"loc":{"start":{"line":65,"column":138},"end":{"line":68,"column":null}},"line":65},"6":{"name":"zodNullableToJson","decl":{"start":{"line":71,"column":9},"end":{"line":71,"column":27}},"loc":{"start":{"line":71,"column":139},"end":{"line":74,"column":null}},"line":71}},"branchMap":{"0":{"loc":{"start":{"line":20,"column":2},"end":{"line":20,"column":null}},"type":"if","locations":[{"start":{"line":20,"column":2},"end":{"line":20,"column":null}},{"start":{},"end":{}}],"line":20},"1":{"loc":{"start":{"line":20,"column":6},"end":{"line":20,"column":69}},"type":"binary-expr","locations":[{"start":{"line":20,"column":6},"end":{"line":20,"column":48}},{"start":{"line":20,"column":48},"end":{"line":20,"column":69}}],"line":20},"2":{"loc":{"start":{"line":27,"column":4},"end":{"line":27,"column":null}},"type":"if","locations":[{"start":{"line":27,"column":4},"end":{"line":27,"column":null}},{"start":{},"end":{}}],"line":27},"3":{"loc":{"start":{"line":34,"column":2},"end":{"line":34,"column":null}},"type":"if","locations":[{"start":{"line":34,"column":2},"end":{"line":34,"column":null}},{"start":{},"end":{}}],"line":34},"4":{"loc":{"start":{"line":34,"column":6},"end":{"line":34,"column":73}},"type":"binary-expr","locations":[{"start":{"line":34,"column":6},"end":{"line":34,"column":41}},{"start":{"line":34,"column":41},"end":{"line":34,"column":73}}],"line":34},"5":{"loc":{"start":{"line":40,"column":19},"end":{"line":40,"column":null}},"type":"binary-expr","locations":[{"start":{"line":40,"column":19},"end":{"line":40,"column":36}},{"start":{"line":40,"column":36},"end":{"line":40,"column":null}}],"line":40},"6":{"loc":{"start":{"line":42,"column":4},"end":{"line":42,"column":null}},"type":"if","locations":[{"start":{"line":42,"column":4},"end":{"line":42,"column":null}},{"start":{},"end":{}}],"line":42},"7":{"loc":{"start":{"line":47,"column":2},"end":{"line":47,"column":null}},"type":"if","locations":[{"start":{"line":47,"column":2},"end":{"line":47,"column":null}},{"start":{},"end":{}}],"line":47},"8":{"loc":{"start":{"line":48,"column":2},"end":{"line":48,"column":null}},"type":"if","locations":[{"start":{"line":48,"column":2},"end":{"line":48,"column":null}},{"start":{},"end":{}}],"line":48},"9":{"loc":{"start":{"line":48,"column":78},"end":{"line":48,"column":120}},"type":"cond-expr","locations":[{"start":{"line":48,"column":90},"end":{"line":48,"column":113}},{"start":{"line":48,"column":116},"end":{"line":48,"column":120}}],"line":48},"10":{"loc":{"start":{"line":49,"column":2},"end":{"line":49,"column":null}},"type":"if","locations":[{"start":{"line":49,"column":2},"end":{"line":49,"column":null}},{"start":{},"end":{}}],"line":49},"11":{"loc":{"start":{"line":49,"column":41},"end":{"line":49,"column":135}},"type":"cond-expr","locations":[{"start":{"line":49,"column":58},"end":{"line":49,"column":130}},{"start":{"line":49,"column":133},"end":{"line":49,"column":135}}],"line":49},"12":{"loc":{"start":{"line":50,"column":2},"end":{"line":50,"column":null}},"type":"if","locations":[{"start":{"line":50,"column":2},"end":{"line":50,"column":null}},{"start":{},"end":{}}],"line":50},"13":{"loc":{"start":{"line":51,"column":2},"end":{"line":51,"column":null}},"type":"if","locations":[{"start":{"line":51,"column":2},"end":{"line":51,"column":null}},{"start":{},"end":{}}],"line":51},"14":{"loc":{"start":{"line":52,"column":2},"end":{"line":52,"column":null}},"type":"if","locations":[{"start":{"line":52,"column":2},"end":{"line":52,"column":null}},{"start":{},"end":{}}],"line":52},"15":{"loc":{"start":{"line":57,"column":2},"end":{"line":57,"column":null}},"type":"if","locations":[{"start":{"line":57,"column":2},"end":{"line":57,"column":null}},{"start":{},"end":{}}],"line":57},"16":{"loc":{"start":{"line":58,"column":2},"end":{"line":58,"column":null}},"type":"if","locations":[{"start":{"line":58,"column":2},"end":{"line":58,"column":null}},{"start":{},"end":{}}],"line":58},"17":{"loc":{"start":{"line":59,"column":2},"end":{"line":59,"column":null}},"type":"if","locations":[{"start":{"line":59,"column":2},"end":{"line":59,"column":null}},{"start":{},"end":{}}],"line":59},"18":{"loc":{"start":{"line":60,"column":2},"end":{"line":60,"column":null}},"type":"if","locations":[{"start":{"line":60,"column":2},"end":{"line":60,"column":null}},{"start":{},"end":{}}],"line":60},"19":{"loc":{"start":{"line":60,"column":61},"end":{"line":60,"column":80}},"type":"binary-expr","locations":[{"start":{"line":60,"column":61},"end":{"line":60,"column":76}},{"start":{"line":60,"column":76},"end":{"line":60,"column":80}}],"line":60},"20":{"loc":{"start":{"line":61,"column":2},"end":{"line":61,"column":null}},"type":"if","locations":[{"start":{"line":61,"column":2},"end":{"line":61,"column":null}},{"start":{},"end":{}}],"line":61},"21":{"loc":{"start":{"line":66,"column":15},"end":{"line":66,"column":94}},"type":"cond-expr","locations":[{"start":{"line":66,"column":33},"end":{"line":66,"column":61}},{"start":{"line":66,"column":92},"end":{"line":66,"column":94}}],"line":66},"22":{"loc":{"start":{"line":67,"column":2},"end":{"line":67,"column":null}},"type":"if","locations":[{"start":{"line":67,"column":2},"end":{"line":67,"column":null}},{"start":{},"end":{}}],"line":67},"23":{"loc":{"start":{"line":72,"column":15},"end":{"line":72,"column":94}},"type":"cond-expr","locations":[{"start":{"line":72,"column":33},"end":{"line":72,"column":61}},{"start":{"line":72,"column":92},"end":{"line":72,"column":94}}],"line":72}},"s":{"0":0,"1":0,"2":0,"3":0,"4":0,"5":0,"6":0,"7":0,"8":0,"9":0,"10":0,"11":0,"12":0,"13":0,"14":0,"15":0,"16":0,"17":0,"18":0,"19":0,"20":0,"21":0,"22":0,"23":0,"24":0,"25":0,"26":0,"27":0,"28":0,"29":0,"30":0,"31":0,"32":0,"33":0,"34":0,"35":0,"36":0,"37":0,"38":0,"39":0,"40":0,"41":0,"42":0,"43":0,"44":0,"45":0,"46":0,"47":0,"48":0,"49":0,"50":0,"51":0,"52":0},"f":{"0":0,"1":0,"2":0,"3":0,"4":0,"5":0,"6":0},"b":{"0":[0,0],"1":[0,0],"2":[0,0],"3":[0,0],"4":[0,0],"5":[0,0],"6":[0,0],"7":[0,0],"8":[0,0],"9":[0,0],"10":[0,0],"11":[0,0],"12":[0,0],"13":[0,0],"14":[0,0],"15":[0,0],"16":[0,0],"17":[0,0],"18":[0,0],"19":[0,0],"20":[0,0],"21":[0,0],"22":[0,0],"23":[0,0]},"meta":{"lastBranch":24,"lastFunction":7,"lastStatement":53,"seen":{"f:18:16:18:32":0,"s:19:18:19:Infinity":0,"b:20:2:20:Infinity:undefined:undefined:undefined:undefined":0,"s:20:2:20:Infinity":1,"b:20:6:20:48:20:48:20:69":1,"s:20:69:20:Infinity":2,"s:22:16:22:36":3,"s:23:46:23:48":4,"s:24:29:24:31":5,"s:25:2:27:Infinity":6,"s:26:4:26:Infinity":7,"b:27:4:27:Infinity:undefined:undefined:undefined:undefined":2,"s:27:4:27:Infinity":8,"s:27:27:27:Infinity":9,"s:29:2:29:Infinity":10,"f:32:9:32:20":1,"s:33:15:33:Infinity":11,"b:34:2:34:Infinity:undefined:undefined:undefined:undefined":3,"s:34:2:34:Infinity":12,"b:34:6:34:41:34:41:34:73":4,"s:34:73:34:Infinity":13,"s:35:2:35:Infinity":14,"f:38:9:38:23":2,"s:39:15:39:Infinity":15,"s:40:19:40:Infinity":16,"b:40:19:40:36:40:36:40:Infinity":5,"s:41:8:43:Infinity":17,"f:41:8:41:27":3,"b:42:4:42:Infinity:undefined:undefined:undefined:undefined":6,"s:42:4:42:Infinity":18,"s:42:26:42:Infinity":19,"s:43:4:43:Infinity":20,"s:46:17:46:51":21,"b:47:2:47:Infinity:undefined:undefined:undefined:undefined":7,"s:47:2:47:Infinity":22,"s:47:14:47:Infinity":23,"b:48:2:48:Infinity:undefined:undefined:undefined:undefined":8,"s:48:2:48:Infinity":24,"s:48:31:48:Infinity":25,"b:48:90:48:113:48:116:48:120":9,"b:49:2:49:Infinity:undefined:undefined:undefined:undefined":10,"s:49:2:49:Infinity":26,"s:49:34:49:Infinity":27,"b:49:58:49:130:49:133:49:135":11,"b:50:2:50:Infinity:undefined:undefined:undefined:undefined":12,"s:50:2:50:Infinity":28,"s:50:33:50:Infinity":29,"b:51:2:51:Infinity:undefined:undefined:undefined:undefined":13,"s:51:2:51:Infinity":30,"s:51:34:51:Infinity":31,"b:52:2:52:Infinity:undefined:undefined:undefined:undefined":14,"s:52:2:52:Infinity":32,"s:52:32:52:Infinity":33,"s:53:2:53:Infinity":34,"f:56:9:56:29":4,"b:57:2:57:Infinity:undefined:undefined:undefined:undefined":15,"s:57:2:57:Infinity":35,"s:57:32:57:Infinity":36,"b:58:2:58:Infinity:undefined:undefined:undefined:undefined":16,"s:58:2:58:Infinity":37,"s:58:32:58:Infinity":38,"b:59:2:59:Infinity:undefined:undefined:undefined:undefined":17,"s:59:2:59:Infinity":39,"s:59:33:59:Infinity":40,"b:60:2:60:Infinity:undefined:undefined:undefined:undefined":18,"s:60:2:60:Infinity":41,"s:60:30:60:Infinity":42,"b:60:61:60:76:60:76:60:80":19,"b:61:2:61:Infinity:undefined:undefined:undefined:undefined":20,"s:61:2:61:Infinity":43,"s:61:33:61:Infinity":44,"s:62:2:62:Infinity":45,"f:65:9:65:26":5,"s:66:15:66:94":46,"b:66:33:66:61:66:92:66:94":21,"b:67:2:67:Infinity:undefined:undefined:undefined:undefined":22,"s:67:2:67:Infinity":47,"s:67:25:67:Infinity":48,"s:68:2:68:Infinity":49,"f:71:9:71:27":6,"s:72:15:72:94":50,"b:72:33:72:61:72:92:72:94":23,"s:73:2:73:Infinity":51,"s:74:2:74:Infinity":52}}}
,"C:\\Users\\User\\vibeguide\\src\\mcp\\handlers\\analysis.ts": {"path":"C:\\Users\\User\\vibeguide\\src\\mcp\\handlers\\analysis.ts","statementMap":{"0":{"start":{"line":7,"column":8},"end":{"line":7,"column":41}},"1":{"start":{"line":8,"column":2},"end":{"line":8,"column":null}},"2":{"start":{"line":12,"column":8},"end":{"line":12,"column":41}},"3":{"start":{"line":13,"column":2},"end":{"line":13,"column":null}},"4":{"start":{"line":17,"column":8},"end":{"line":17,"column":41}},"5":{"start":{"line":18,"column":2},"end":{"line":18,"column":null}},"6":{"start":{"line":22,"column":8},"end":{"line":22,"column":41}},"7":{"start":{"line":23,"column":2},"end":{"line":23,"column":null}}},"fnMap":{"0":{"name":"handleCircularDeps","decl":{"start":{"line":6,"column":22},"end":{"line":6,"column":41}},"loc":{"start":{"line":6,"column":99},"end":{"line":8,"column":null}},"line":6},"1":{"name":"handleDeadCode","decl":{"start":{"line":11,"column":22},"end":{"line":11,"column":37}},"loc":{"start":{"line":11,"column":91},"end":{"line":13,"column":null}},"line":11},"2":{"name":"handleSecretScanV2","decl":{"start":{"line":16,"column":22},"end":{"line":16,"column":41}},"loc":{"start":{"line":16,"column":97},"end":{"line":18,"column":null}},"line":16},"3":{"name":"handleI18nGap","decl":{"start":{"line":21,"column":22},"end":{"line":21,"column":36}},"loc":{"start":{"line":21,"column":110},"end":{"line":23,"column":null}},"line":21}},"branchMap":{},"s":{"0":0,"1":0,"2":0,"3":0,"4":0,"5":0,"6":0,"7":0},"f":{"0":0,"1":0,"2":0,"3":0},"b":{},"meta":{"lastBranch":0,"lastFunction":4,"lastStatement":8,"seen":{"f:6:22:6:41":0,"s:7:8:7:41":0,"s:8:2:8:Infinity":1,"f:11:22:11:37":1,"s:12:8:12:41":2,"s:13:2:13:Infinity":3,"f:16:22:16:41":2,"s:17:8:17:41":4,"s:18:2:18:Infinity":5,"f:21:22:21:36":3,"s:22:8:22:41":6,"s:23:2:23:Infinity":7}}}
,"C:\\Users\\User\\vibeguide\\src\\mcp\\handlers\\briefing.ts": {"path":"C:\\Users\\User\\vibeguide\\src\\mcp\\handlers\\briefing.ts","statementMap":{"0":{"start":{"line":9,"column":8},"end":{"line":9,"column":41}},"1":{"start":{"line":10,"column":15},"end":{"line":10,"column":null}},"2":{"start":{"line":11,"column":8},"end":{"line":11,"column":30}},"3":{"start":{"line":12,"column":8},"end":{"line":12,"column":53}},"4":{"start":{"line":14,"column":31},"end":{"line":14,"column":33}},"5":{"start":{"line":15,"column":2},"end":{"line":20,"column":null}},"6":{"start":{"line":16,"column":4},"end":{"line":17,"column":null}},"7":{"start":{"line":17,"column":6},"end":{"line":17,"column":null}},"8":{"start":{"line":17,"column":62},"end":{"line":17,"column":84}},"9":{"start":{"line":19,"column":4},"end":{"line":20,"column":null}},"10":{"start":{"line":20,"column":6},"end":{"line":20,"column":null}},"11":{"start":{"line":20,"column":62},"end":{"line":20,"column":78}},"12":{"start":{"line":24,"column":23},"end":{"line":24,"column":44}},"13":{"start":{"line":25,"column":45},"end":{"line":25,"column":47}},"14":{"start":{"line":26,"column":2},"end":{"line":26,"column":null}},"15":{"start":{"line":26,"column":32},"end":{"line":26,"column":null}},"16":{"start":{"line":27,"column":19},"end":{"line":27,"column":85}},"17":{"start":{"line":27,"column":61},"end":{"line":27,"column":73}},"18":{"start":{"line":29,"column":30},"end":{"line":29,"column":32}},"19":{"start":{"line":30,"column":2},"end":{"line":30,"column":null}},"20":{"start":{"line":30,"column":31},"end":{"line":30,"column":null}},"21":{"start":{"line":31,"column":2},"end":{"line":31,"column":null}},"22":{"start":{"line":31,"column":32},"end":{"line":31,"column":null}},"23":{"start":{"line":32,"column":2},"end":{"line":32,"column":null}},"24":{"start":{"line":32,"column":34},"end":{"line":32,"column":null}},"25":{"start":{"line":33,"column":2},"end":{"line":33,"column":null}},"26":{"start":{"line":33,"column":54},"end":{"line":33,"column":null}},"27":{"start":{"line":35,"column":16},"end":{"line":48,"column":30}},"28":{"start":{"line":39,"column":54},"end":{"line":39,"column":63}},"29":{"start":{"line":43,"column":75},"end":{"line":43,"column":94}},"30":{"start":{"line":47,"column":52},"end":{"line":47,"column":61}},"31":{"start":{"line":50,"column":2},"end":{"line":50,"column":null}},"32":{"start":{"line":54,"column":8},"end":{"line":54,"column":41}},"33":{"start":{"line":55,"column":8},"end":{"line":55,"column":30}},"34":{"start":{"line":56,"column":8},"end":{"line":56,"column":35}},"35":{"start":{"line":58,"column":25},"end":{"line":58,"column":27}},"36":{"start":{"line":59,"column":31},"end":{"line":59,"column":33}},"37":{"start":{"line":60,"column":29},"end":{"line":60,"column":31}},"38":{"start":{"line":62,"column":2},"end":{"line":65,"column":null}},"39":{"start":{"line":63,"column":4},"end":{"line":63,"column":null}},"40":{"start":{"line":63,"column":37},"end":{"line":63,"column":null}},"41":{"start":{"line":64,"column":4},"end":{"line":64,"column":null}},"42":{"start":{"line":64,"column":38},"end":{"line":64,"column":null}},"43":{"start":{"line":65,"column":4},"end":{"line":65,"column":null}},"44":{"start":{"line":65,"column":36},"end":{"line":65,"column":null}},"45":{"start":{"line":68,"column":2},"end":{"line":70,"column":null}},"46":{"start":{"line":69,"column":4},"end":{"line":70,"column":null}},"47":{"start":{"line":69,"column":21},"end":{"line":69,"column":null}},"48":{"start":{"line":70,"column":9},"end":{"line":70,"column":null}},"49":{"start":{"line":73,"column":2},"end":{"line":73,"column":null}},"50":{"start":{"line":73,"column":31},"end":{"line":73,"column":null}},"51":{"start":{"line":74,"column":2},"end":{"line":74,"column":null}},"52":{"start":{"line":74,"column":32},"end":{"line":74,"column":null}},"53":{"start":{"line":75,"column":2},"end":{"line":75,"column":null}},"54":{"start":{"line":75,"column":34},"end":{"line":75,"column":null}},"55":{"start":{"line":76,"column":2},"end":{"line":76,"column":null}},"56":{"start":{"line":76,"column":34},"end":{"line":76,"column":null}},"57":{"start":{"line":78,"column":2},"end":{"line":78,"column":null}},"58":{"start":{"line":78,"column":34},"end":{"line":78,"column":null}},"59":{"start":{"line":80,"column":16},"end":{"line":95,"column":14}},"60":{"start":{"line":88,"column":42},"end":{"line":88,"column":51}},"61":{"start":{"line":91,"column":54},"end":{"line":91,"column":63}},"62":{"start":{"line":94,"column":50},"end":{"line":94,"column":59}},"63":{"start":{"line":97,"column":2},"end":{"line":97,"column":null}}},"fnMap":{"0":{"name":"handleFounderBrief","decl":{"start":{"line":8,"column":22},"end":{"line":8,"column":41}},"loc":{"start":{"line":8,"column":114},"end":{"line":50,"column":null}},"line":8},"1":{"name":"(anonymous_1)","decl":{"start":{"line":17,"column":51},"end":{"line":17,"column":56}},"loc":{"start":{"line":17,"column":62},"end":{"line":17,"column":84}},"line":17},"2":{"name":"(anonymous_2)","decl":{"start":{"line":20,"column":51},"end":{"line":20,"column":56}},"loc":{"start":{"line":20,"column":62},"end":{"line":20,"column":78}},"line":20},"3":{"name":"(anonymous_3)","decl":{"start":{"line":27,"column":46},"end":{"line":27,"column":52}},"loc":{"start":{"line":27,"column":61},"end":{"line":27,"column":73}},"line":27},"4":{"name":"(anonymous_4)","decl":{"start":{"line":39,"column":43},"end":{"line":39,"column":48}},"loc":{"start":{"line":39,"column":54},"end":{"line":39,"column":63}},"line":39},"5":{"name":"(anonymous_5)","decl":{"start":{"line":43,"column":59},"end":{"line":43,"column":64}},"loc":{"start":{"line":43,"column":75},"end":{"line":43,"column":94}},"line":43},"6":{"name":"(anonymous_6)","decl":{"start":{"line":47,"column":41},"end":{"line":47,"column":46}},"loc":{"start":{"line":47,"column":52},"end":{"line":47,"column":61}},"line":47},"7":{"name":"handleMeetingNotes","decl":{"start":{"line":53,"column":22},"end":{"line":53,"column":41}},"loc":{"start":{"line":53,"column":99},"end":{"line":97,"column":null}},"line":53},"8":{"name":"(anonymous_8)","decl":{"start":{"line":88,"column":31},"end":{"line":88,"column":36}},"loc":{"start":{"line":88,"column":42},"end":{"line":88,"column":51}},"line":88},"9":{"name":"(anonymous_9)","decl":{"start":{"line":91,"column":43},"end":{"line":91,"column":48}},"loc":{"start":{"line":91,"column":54},"end":{"line":91,"column":63}},"line":91},"10":{"name":"(anonymous_10)","decl":{"start":{"line":94,"column":39},"end":{"line":94,"column":44}},"loc":{"start":{"line":94,"column":50},"end":{"line":94,"column":59}},"line":94}},"branchMap":{"0":{"loc":{"start":{"line":10,"column":15},"end":{"line":10,"column":null}},"type":"binary-expr","locations":[{"start":{"line":10,"column":15},"end":{"line":10,"column":28}},{"start":{"line":10,"column":28},"end":{"line":10,"column":null}}],"line":10},"1":{"loc":{"start":{"line":16,"column":4},"end":{"line":17,"column":null}},"type":"if","locations":[{"start":{"line":16,"column":4},"end":{"line":17,"column":null}},{"start":{},"end":{}}],"line":16},"2":{"loc":{"start":{"line":19,"column":4},"end":{"line":20,"column":null}},"type":"if","locations":[{"start":{"line":19,"column":4},"end":{"line":20,"column":null}},{"start":{},"end":{}}],"line":19},"3":{"loc":{"start":{"line":26,"column":54},"end":{"line":26,"column":81}},"type":"binary-expr","locations":[{"start":{"line":26,"column":54},"end":{"line":26,"column":76}},{"start":{"line":26,"column":76},"end":{"line":26,"column":81}}],"line":26},"4":{"loc":{"start":{"line":30,"column":2},"end":{"line":30,"column":null}},"type":"if","locations":[{"start":{"line":30,"column":2},"end":{"line":30,"column":null}},{"start":{},"end":{}}],"line":30},"5":{"loc":{"start":{"line":31,"column":2},"end":{"line":31,"column":null}},"type":"if","locations":[{"start":{"line":31,"column":2},"end":{"line":31,"column":null}},{"start":{},"end":{}}],"line":31},"6":{"loc":{"start":{"line":32,"column":2},"end":{"line":32,"column":null}},"type":"if","locations":[{"start":{"line":32,"column":2},"end":{"line":32,"column":null}},{"start":{},"end":{}}],"line":32},"7":{"loc":{"start":{"line":33,"column":2},"end":{"line":33,"column":null}},"type":"if","locations":[{"start":{"line":33,"column":2},"end":{"line":33,"column":null}},{"start":{},"end":{}}],"line":33},"8":{"loc":{"start":{"line":33,"column":6},"end":{"line":33,"column":54}},"type":"binary-expr","locations":[{"start":{"line":33,"column":6},"end":{"line":33,"column":37}},{"start":{"line":33,"column":37},"end":{"line":33,"column":54}}],"line":33},"9":{"loc":{"start":{"line":39,"column":8},"end":{"line":39,"column":115}},"type":"cond-expr","locations":[{"start":{"line":39,"column":32},"end":{"line":39,"column":63}},{"start":{"line":39,"column":66},"end":{"line":39,"column":115}}],"line":39},"10":{"loc":{"start":{"line":43,"column":4},"end":{"line":43,"column":null}},"type":"cond-expr","locations":[{"start":{"line":43,"column":26},"end":{"line":43,"column":105}},{"start":{"line":43,"column":108},"end":{"line":43,"column":null}}],"line":43},"11":{"loc":{"start":{"line":47,"column":8},"end":{"line":47,"column":null}},"type":"cond-expr","locations":[{"start":{"line":47,"column":31},"end":{"line":47,"column":61}},{"start":{"line":47,"column":64},"end":{"line":47,"column":null}}],"line":47},"12":{"loc":{"start":{"line":63,"column":4},"end":{"line":63,"column":null}},"type":"if","locations":[{"start":{"line":63,"column":4},"end":{"line":63,"column":null}},{"start":{},"end":{}}],"line":63},"13":{"loc":{"start":{"line":64,"column":4},"end":{"line":64,"column":null}},"type":"if","locations":[{"start":{"line":64,"column":4},"end":{"line":64,"column":null}},{"start":{},"end":{}}],"line":64},"14":{"loc":{"start":{"line":65,"column":4},"end":{"line":65,"column":null}},"type":"if","locations":[{"start":{"line":65,"column":4},"end":{"line":65,"column":null}},{"start":{},"end":{}}],"line":65},"15":{"loc":{"start":{"line":69,"column":4},"end":{"line":70,"column":null}},"type":"if","locations":[{"start":{"line":69,"column":4},"end":{"line":70,"column":null}},{"start":{"line":70,"column":9},"end":{"line":70,"column":null}}],"line":69},"16":{"loc":{"start":{"line":73,"column":2},"end":{"line":73,"column":null}},"type":"if","locations":[{"start":{"line":73,"column":2},"end":{"line":73,"column":null}},{"start":{},"end":{}}],"line":73},"17":{"loc":{"start":{"line":74,"column":2},"end":{"line":74,"column":null}},"type":"if","locations":[{"start":{"line":74,"column":2},"end":{"line":74,"column":null}},{"start":{},"end":{}}],"line":74},"18":{"loc":{"start":{"line":75,"column":2},"end":{"line":75,"column":null}},"type":"if","locations":[{"start":{"line":75,"column":2},"end":{"line":75,"column":null}},{"start":{},"end":{}}],"line":75},"19":{"loc":{"start":{"line":76,"column":2},"end":{"line":76,"column":null}},"type":"if","locations":[{"start":{"line":76,"column":2},"end":{"line":76,"column":null}},{"start":{},"end":{}}],"line":76},"20":{"loc":{"start":{"line":78,"column":2},"end":{"line":78,"column":null}},"type":"if","locations":[{"start":{"line":78,"column":2},"end":{"line":78,"column":null}},{"start":{},"end":{}}],"line":78},"21":{"loc":{"start":{"line":88,"column":8},"end":{"line":88,"column":75}},"type":"cond-expr","locations":[{"start":{"line":88,"column":26},"end":{"line":88,"column":51}},{"start":{"line":88,"column":54},"end":{"line":88,"column":75}}],"line":88},"22":{"loc":{"start":{"line":91,"column":8},"end":{"line":91,"column":82}},"type":"cond-expr","locations":[{"start":{"line":91,"column":32},"end":{"line":91,"column":63}},{"start":{"line":91,"column":66},"end":{"line":91,"column":82}}],"line":91},"23":{"loc":{"start":{"line":94,"column":8},"end":{"line":94,"column":null}},"type":"cond-expr","locations":[{"start":{"line":94,"column":30},"end":{"line":94,"column":59}},{"start":{"line":94,"column":62},"end":{"line":94,"column":null}}],"line":94}},"s":{"0":0,"1":0,"2":0,"3":0,"4":0,"5":0,"6":0,"7":0,"8":0,"9":0,"10":0,"11":0,"12":0,"13":0,"14":0,"15":0,"16":0,"17":0,"18":0,"19":0,"20":0,"21":0,"22":0,"23":0,"24":0,"25":0,"26":0,"27":0,"28":0,"29":0,"30":0,"31":0,"32":0,"33":0,"34":0,"35":0,"36":0,"37":0,"38":0,"39":0,"40":0,"41":0,"42":0,"43":0,"44":0,"45":0,"46":0,"47":0,"48":0,"49":0,"50":0,"51":0,"52":0,"53":0,"54":0,"55":0,"56":0,"57":0,"58":0,"59":0,"60":0,"61":0,"62":0,"63":0},"f":{"0":0,"1":0,"2":0,"3":0,"4":0,"5":0,"6":0,"7":0,"8":0,"9":0,"10":0},"b":{"0":[0,0],"1":[0,0],"2":[0,0],"3":[0,0],"4":[0,0],"5":[0,0],"6":[0,0],"7":[0,0],"8":[0,0],"9":[0,0],"10":[0,0],"11":[0,0],"12":[0,0],"13":[0,0],"14":[0,0],"15":[0,0],"16":[0,0],"17":[0,0],"18":[0,0],"19":[0,0],"20":[0,0],"21":[0,0],"22":[0,0],"23":[0,0]},"meta":{"lastBranch":24,"lastFunction":11,"lastStatement":64,"seen":{"f:8:22:8:41":0,"s:9:8:9:41":0,"s:10:15:10:Infinity":1,"b:10:15:10:28:10:28:10:Infinity":0,"s:11:8:11:30":2,"s:12:8:12:53":3,"s:14:31:14:33":4,"s:15:2:20:Infinity":5,"b:16:4:17:Infinity:undefined:undefined:undefined:undefined":1,"s:16:4:17:Infinity":6,"s:17:6:17:Infinity":7,"f:17:51:17:56":1,"s:17:62:17:84":8,"b:19:4:20:Infinity:undefined:undefined:undefined:undefined":2,"s:19:4:20:Infinity":9,"s:20:6:20:Infinity":10,"f:20:51:20:56":2,"s:20:62:20:78":11,"s:24:23:24:44":12,"s:25:45:25:47":13,"s:26:2:26:Infinity":14,"s:26:32:26:Infinity":15,"b:26:54:26:76:26:76:26:81":3,"s:27:19:27:85":16,"f:27:46:27:52":3,"s:27:61:27:73":17,"s:29:30:29:32":18,"b:30:2:30:Infinity:undefined:undefined:undefined:undefined":4,"s:30:2:30:Infinity":19,"s:30:31:30:Infinity":20,"b:31:2:31:Infinity:undefined:undefined:undefined:undefined":5,"s:31:2:31:Infinity":21,"s:31:32:31:Infinity":22,"b:32:2:32:Infinity:undefined:undefined:undefined:undefined":6,"s:32:2:32:Infinity":23,"s:32:34:32:Infinity":24,"b:33:2:33:Infinity:undefined:undefined:undefined:undefined":7,"s:33:2:33:Infinity":25,"b:33:6:33:37:33:37:33:54":8,"s:33:54:33:Infinity":26,"s:35:16:48:30":27,"b:39:32:39:63:39:66:39:115":9,"f:39:43:39:48":4,"s:39:54:39:63":28,"b:43:26:43:105:43:108:43:Infinity":10,"f:43:59:43:64":5,"s:43:75:43:94":29,"b:47:31:47:61:47:64:47:Infinity":11,"f:47:41:47:46":6,"s:47:52:47:61":30,"s:50:2:50:Infinity":31,"f:53:22:53:41":7,"s:54:8:54:41":32,"s:55:8:55:30":33,"s:56:8:56:35":34,"s:58:25:58:27":35,"s:59:31:59:33":36,"s:60:29:60:31":37,"s:62:2:65:Infinity":38,"b:63:4:63:Infinity:undefined:undefined:undefined:undefined":12,"s:63:4:63:Infinity":39,"s:63:37:63:Infinity":40,"b:64:4:64:Infinity:undefined:undefined:undefined:undefined":13,"s:64:4:64:Infinity":41,"s:64:38:64:Infinity":42,"b:65:4:65:Infinity:undefined:undefined:undefined:undefined":14,"s:65:4:65:Infinity":43,"s:65:36:65:Infinity":44,"s:68:2:70:Infinity":45,"b:69:4:70:Infinity:70:9:70:Infinity":15,"s:69:4:70:Infinity":46,"s:69:21:69:Infinity":47,"s:70:9:70:Infinity":48,"b:73:2:73:Infinity:undefined:undefined:undefined:undefined":16,"s:73:2:73:Infinity":49,"s:73:31:73:Infinity":50,"b:74:2:74:Infinity:undefined:undefined:undefined:undefined":17,"s:74:2:74:Infinity":51,"s:74:32:74:Infinity":52,"b:75:2:75:Infinity:undefined:undefined:undefined:undefined":18,"s:75:2:75:Infinity":53,"s:75:34:75:Infinity":54,"b:76:2:76:Infinity:undefined:undefined:undefined:undefined":19,"s:76:2:76:Infinity":55,"s:76:34:76:Infinity":56,"b:78:2:78:Infinity:undefined:undefined:undefined:undefined":20,"s:78:2:78:Infinity":57,"s:78:34:78:Infinity":58,"s:80:16:95:14":59,"b:88:26:88:51:88:54:88:75":21,"f:88:31:88:36":8,"s:88:42:88:51":60,"b:91:32:91:63:91:66:91:82":22,"f:91:43:91:48":9,"s:91:54:91:63":61,"b:94:30:94:59:94:62:94:Infinity":23,"f:94:39:94:44":10,"s:94:50:94:59":62,"s:97:2:97:Infinity":63}}}
,"C:\\Users\\User\\vibeguide\\src\\mcp\\handlers\\bug.ts": {"path":"C:\\Users\\User\\vibeguide\\src\\mcp\\handlers\\bug.ts","statementMap":{"0":{"start":{"line":11,"column":8},"end":{"line":11,"column":41}},"1":{"start":{"line":12,"column":8},"end":{"line":12,"column":34}},"2":{"start":{"line":13,"column":19},"end":{"line":13,"column":86}},"3":{"start":{"line":13,"column":73},"end":{"line":13,"column":86}},"4":{"start":{"line":14,"column":53},"end":{"line":14,"column":55}},"5":{"start":{"line":15,"column":2},"end":{"line":19,"column":null}},"6":{"start":{"line":16,"column":17},"end":{"line":16,"column":70}},"7":{"start":{"line":17,"column":16},"end":{"line":17,"column":null}},"8":{"start":{"line":18,"column":4},"end":{"line":18,"column":null}},"9":{"start":{"line":18,"column":31},"end":{"line":18,"column":null}},"10":{"start":{"line":18,"column":54},"end":{"line":18,"column":null}},"11":{"start":{"line":19,"column":4},"end":{"line":19,"column":null}},"12":{"start":{"line":19,"column":19},"end":{"line":19,"column":null}},"13":{"start":{"line":21,"column":2},"end":{"line":21,"column":null}},"14":{"start":{"line":21,"column":25},"end":{"line":21,"column":43}},"15":{"start":{"line":22,"column":19},"end":{"line":22,"column":57}},"16":{"start":{"line":22,"column":50},"end":{"line":22,"column":57}},"17":{"start":{"line":23,"column":16},"end":{"line":23,"column":139}},"18":{"start":{"line":23,"column":39},"end":{"line":23,"column":139}},"19":{"start":{"line":23,"column":90},"end":{"line":23,"column":123}},"20":{"start":{"line":24,"column":2},"end":{"line":24,"column":null}},"21":{"start":{"line":28,"column":8},"end":{"line":28,"column":41}},"22":{"start":{"line":29,"column":8},"end":{"line":29,"column":34}},"23":{"start":{"line":30,"column":8},"end":{"line":30,"column":48}},"24":{"start":{"line":31,"column":19},"end":{"line":31,"column":86}},"25":{"start":{"line":31,"column":73},"end":{"line":31,"column":86}},"26":{"start":{"line":32,"column":21},"end":{"line":32,"column":132}},"27":{"start":{"line":32,"column":50},"end":{"line":32,"column":131}},"28":{"start":{"line":32,"column":71},"end":{"line":32,"column":130}},"29":{"start":{"line":33,"column":18},"end":{"line":33,"column":45}},"30":{"start":{"line":34,"column":2},"end":{"line":37,"column":null}},"31":{"start":{"line":35,"column":4},"end":{"line":37,"column":null}},"32":{"start":{"line":36,"column":6},"end":{"line":36,"column":null}},"33":{"start":{"line":36,"column":27},"end":{"line":36,"column":null}},"34":{"start":{"line":37,"column":6},"end":{"line":37,"column":null}},"35":{"start":{"line":37,"column":25},"end":{"line":37,"column":null}},"36":{"start":{"line":40,"column":22},"end":{"line":40,"column":null}},"37":{"start":{"line":41,"column":30},"end":{"line":41,"column":32}},"38":{"start":{"line":42,"column":2},"end":{"line":48,"column":null}},"39":{"start":{"line":43,"column":10},"end":{"line":43,"column":46}},"40":{"start":{"line":44,"column":4},"end":{"line":44,"column":null}},"41":{"start":{"line":44,"column":18},"end":{"line":44,"column":null}},"42":{"start":{"line":45,"column":4},"end":{"line":48,"column":null}},"43":{"start":{"line":46,"column":27},"end":{"line":46,"column":44}},"44":{"start":{"line":47,"column":24},"end":{"line":47,"column":null}},"45":{"start":{"line":48,"column":6},"end":{"line":48,"column":null}},"46":{"start":{"line":51,"column":2},"end":{"line":51,"column":null}},"47":{"start":{"line":51,"column":25},"end":{"line":51,"column":43}},"48":{"start":{"line":52,"column":48},"end":{"line":52,"column":50}},"49":{"start":{"line":53,"column":2},"end":{"line":53,"column":null}},"50":{"start":{"line":53,"column":29},"end":{"line":53,"column":null}},"51":{"start":{"line":54,"column":16},"end":{"line":54,"column":null}},"52":{"start":{"line":55,"column":21},"end":{"line":55,"column":44}},"53":{"start":{"line":56,"column":2},"end":{"line":64,"column":null}},"54":{"start":{"line":68,"column":8},"end":{"line":68,"column":41}},"55":{"start":{"line":69,"column":8},"end":{"line":69,"column":34}},"56":{"start":{"line":70,"column":16},"end":{"line":70,"column":206}},"57":{"start":{"line":70,"column":52},"end":{"line":70,"column":206}},"58":{"start":{"line":70,"column":151},"end":{"line":70,"column":168}},"59":{"start":{"line":70,"column":180},"end":{"line":70,"column":187}},"60":{"start":{"line":71,"column":2},"end":{"line":71,"column":null}},"61":{"start":{"line":71,"column":56},"end":{"line":71,"column":67}},"62":{"start":{"line":75,"column":8},"end":{"line":75,"column":41}},"63":{"start":{"line":76,"column":8},"end":{"line":76,"column":34}},"64":{"start":{"line":77,"column":19},"end":{"line":77,"column":86}},"65":{"start":{"line":77,"column":73},"end":{"line":77,"column":86}},"66":{"start":{"line":78,"column":47},"end":{"line":81,"column":null}},"67":{"start":{"line":82,"column":19},"end":{"line":82,"column":32}},"68":{"start":{"line":83,"column":2},"end":{"line":83,"column":null}},"69":{"start":{"line":83,"column":30},"end":{"line":83,"column":null}},"70":{"start":{"line":83,"column":49},"end":{"line":83,"column":null}},"71":{"start":{"line":84,"column":22},"end":{"line":84,"column":44}},"72":{"start":{"line":85,"column":17},"end":{"line":85,"column":127}},"73":{"start":{"line":85,"column":42},"end":{"line":85,"column":126}},"74":{"start":{"line":85,"column":66},"end":{"line":85,"column":125}},"75":{"start":{"line":86,"column":2},"end":{"line":91,"column":null}},"76":{"start":{"line":87,"column":4},"end":{"line":91,"column":null}},"77":{"start":{"line":88,"column":12},"end":{"line":88,"column":48}},"78":{"start":{"line":89,"column":6},"end":{"line":89,"column":null}},"79":{"start":{"line":89,"column":20},"end":{"line":89,"column":null}},"80":{"start":{"line":90,"column":27},"end":{"line":90,"column":48}},"81":{"start":{"line":91,"column":6},"end":{"line":91,"column":null}},"82":{"start":{"line":91,"column":34},"end":{"line":91,"column":58}},"83":{"start":{"line":91,"column":61},"end":{"line":91,"column":null}},"84":{"start":{"line":94,"column":32},"end":{"line":94,"column":34}},"85":{"start":{"line":95,"column":22},"end":{"line":95,"column":119}},"86":{"start":{"line":95,"column":92},"end":{"line":95,"column":118}},"87":{"start":{"line":96,"column":2},"end":{"line":108,"column":null}},"88":{"start":{"line":97,"column":10},"end":{"line":97,"column":46}},"89":{"start":{"line":98,"column":4},"end":{"line":98,"column":null}},"90":{"start":{"line":98,"column":18},"end":{"line":98,"column":null}},"91":{"start":{"line":99,"column":21},"end":{"line":99,"column":null}},"92":{"start":{"line":101,"column":4},"end":{"line":103,"column":null}},"93":{"start":{"line":102,"column":20},"end":{"line":102,"column":52}},"94":{"start":{"line":103,"column":6},"end":{"line":103,"column":null}},"95":{"start":{"line":103,"column":105},"end":{"line":103,"column":null}},"96":{"start":{"line":105,"column":23},"end":{"line":105,"column":null}},"97":{"start":{"line":106,"column":4},"end":{"line":108,"column":null}},"98":{"start":{"line":107,"column":17},"end":{"line":107,"column":28}},"99":{"start":{"line":108,"column":6},"end":{"line":108,"column":null}},"100":{"start":{"line":108,"column":55},"end":{"line":108,"column":null}},"101":{"start":{"line":111,"column":16},"end":{"line":116,"column":null}},"102":{"start":{"line":114,"column":39},"end":{"line":114,"column":101}},"103":{"start":{"line":117,"column":17},"end":{"line":121,"column":null}},"104":{"start":{"line":119,"column":42},"end":{"line":119,"column":165}},"105":{"start":{"line":122,"column":2},"end":{"line":122,"column":null}},"106":{"start":{"line":126,"column":8},"end":{"line":126,"column":41}},"107":{"start":{"line":127,"column":16},"end":{"line":127,"column":82}},"108":{"start":{"line":127,"column":73},"end":{"line":127,"column":81}},"109":{"start":{"line":128,"column":26},"end":{"line":128,"column":28}},"110":{"start":{"line":129,"column":40},"end":{"line":129,"column":null}},"111":{"start":{"line":130,"column":2},"end":{"line":134,"column":null}},"112":{"start":{"line":131,"column":18},"end":{"line":131,"column":36}},"113":{"start":{"line":132,"column":4},"end":{"line":132,"column":null}},"114":{"start":{"line":132,"column":86},"end":{"line":132,"column":null}},"115":{"start":{"line":133,"column":4},"end":{"line":133,"column":null}},"116":{"start":{"line":133,"column":328},"end":{"line":133,"column":null}},"117":{"start":{"line":134,"column":4},"end":{"line":134,"column":null}},"118":{"start":{"line":134,"column":127},"end":{"line":134,"column":null}},"119":{"start":{"line":136,"column":2},"end":{"line":136,"column":null}},"120":{"start":{"line":136,"column":138},"end":{"line":136,"column":155}},"121":{"start":{"line":140,"column":8},"end":{"line":140,"column":41}},"122":{"start":{"line":141,"column":8},"end":{"line":141,"column":53}},"123":{"start":{"line":142,"column":2},"end":{"line":142,"column":null}},"124":{"start":{"line":142,"column":16},"end":{"line":142,"column":null}},"125":{"start":{"line":143,"column":56},"end":{"line":143,"column":58}},"126":{"start":{"line":144,"column":2},"end":{"line":150,"column":null}},"127":{"start":{"line":145,"column":10},"end":{"line":145,"column":68}},"128":{"start":{"line":146,"column":4},"end":{"line":146,"column":null}},"129":{"start":{"line":146,"column":11},"end":{"line":146,"column":null}},"130":{"start":{"line":148,"column":4},"end":{"line":150,"column":null}},"131":{"start":{"line":149,"column":12},"end":{"line":149,"column":65}},"132":{"start":{"line":150,"column":6},"end":{"line":150,"column":null}},"133":{"start":{"line":150,"column":13},"end":{"line":150,"column":null}},"134":{"start":{"line":153,"column":2},"end":{"line":153,"column":null}}},"fnMap":{"0":{"name":"handleTraceJourney","decl":{"start":{"line":10,"column":22},"end":{"line":10,"column":41}},"loc":{"start":{"line":10,"column":154},"end":{"line":24,"column":null}},"line":10},"1":{"name":"(anonymous_1)","decl":{"start":{"line":13,"column":59},"end":{"line":13,"column":67}},"loc":{"start":{"line":13,"column":73},"end":{"line":13,"column":86}},"line":13},"2":{"name":"(anonymous_2)","decl":{"start":{"line":21,"column":10},"end":{"line":21,"column":16}},"loc":{"start":{"line":21,"column":25},"end":{"line":21,"column":43}},"line":21},"3":{"name":"(anonymous_3)","decl":{"start":{"line":22,"column":39},"end":{"line":22,"column":44}},"loc":{"start":{"line":22,"column":50},"end":{"line":22,"column":57}},"line":22},"4":{"name":"(anonymous_4)","decl":{"start":{"line":23,"column":25},"end":{"line":23,"column":30}},"loc":{"start":{"line":23,"column":39},"end":{"line":23,"column":139}},"line":23},"5":{"name":"(anonymous_5)","decl":{"start":{"line":23,"column":76},"end":{"line":23,"column":84}},"loc":{"start":{"line":23,"column":90},"end":{"line":23,"column":123}},"line":23},"6":{"name":"handleHeuristicBug","decl":{"start":{"line":27,"column":22},"end":{"line":27,"column":41}},"loc":{"start":{"line":27,"column":268},"end":{"line":64,"column":null}},"line":27},"7":{"name":"(anonymous_7)","decl":{"start":{"line":31,"column":59},"end":{"line":31,"column":67}},"loc":{"start":{"line":31,"column":73},"end":{"line":31,"column":86}},"line":31},"8":{"name":"(anonymous_8)","decl":{"start":{"line":32,"column":36},"end":{"line":32,"column":44}},"loc":{"start":{"line":32,"column":50},"end":{"line":32,"column":131}},"line":32},"9":{"name":"(anonymous_9)","decl":{"start":{"line":32,"column":59},"end":{"line":32,"column":65}},"loc":{"start":{"line":32,"column":71},"end":{"line":32,"column":130}},"line":32},"10":{"name":"(anonymous_10)","decl":{"start":{"line":51,"column":10},"end":{"line":51,"column":16}},"loc":{"start":{"line":51,"column":25},"end":{"line":51,"column":43}},"line":51},"11":{"name":"handleRegression","decl":{"start":{"line":67,"column":22},"end":{"line":67,"column":39}},"loc":{"start":{"line":67,"column":144},"end":{"line":71,"column":null}},"line":67},"12":{"name":"(anonymous_12)","decl":{"start":{"line":70,"column":34},"end":{"line":70,"column":39}},"loc":{"start":{"line":70,"column":52},"end":{"line":70,"column":206}},"line":70},"13":{"name":"(anonymous_13)","decl":{"start":{"line":70,"column":137},"end":{"line":70,"column":145}},"loc":{"start":{"line":70,"column":151},"end":{"line":70,"column":168}},"line":70},"14":{"name":"(anonymous_14)","decl":{"start":{"line":70,"column":169},"end":{"line":70,"column":174}},"loc":{"start":{"line":70,"column":180},"end":{"line":70,"column":187}},"line":70},"15":{"name":"(anonymous_15)","decl":{"start":{"line":71,"column":43},"end":{"line":71,"column":50}},"loc":{"start":{"line":71,"column":56},"end":{"line":71,"column":67}},"line":71},"16":{"name":"handleTestPlan","decl":{"start":{"line":74,"column":22},"end":{"line":74,"column":37}},"loc":{"start":{"line":74,"column":102},"end":{"line":122,"column":null}},"line":74},"17":{"name":"(anonymous_17)","decl":{"start":{"line":77,"column":59},"end":{"line":77,"column":67}},"loc":{"start":{"line":77,"column":73},"end":{"line":77,"column":86}},"line":77},"18":{"name":"(anonymous_18)","decl":{"start":{"line":85,"column":28},"end":{"line":85,"column":36}},"loc":{"start":{"line":85,"column":42},"end":{"line":85,"column":126}},"line":85},"19":{"name":"(anonymous_19)","decl":{"start":{"line":85,"column":54},"end":{"line":85,"column":60}},"loc":{"start":{"line":85,"column":66},"end":{"line":85,"column":125}},"line":85},"20":{"name":"(anonymous_20)","decl":{"start":{"line":91,"column":22},"end":{"line":91,"column":28}},"loc":{"start":{"line":91,"column":34},"end":{"line":91,"column":58}},"line":91},"21":{"name":"(anonymous_21)","decl":{"start":{"line":95,"column":78},"end":{"line":95,"column":86}},"loc":{"start":{"line":95,"column":92},"end":{"line":95,"column":118}},"line":95},"22":{"name":"(anonymous_22)","decl":{"start":{"line":114,"column":28},"end":{"line":114,"column":33}},"loc":{"start":{"line":114,"column":39},"end":{"line":114,"column":101}},"line":114},"23":{"name":"(anonymous_23)","decl":{"start":{"line":119,"column":31},"end":{"line":119,"column":36}},"loc":{"start":{"line":119,"column":42},"end":{"line":119,"column":165}},"line":119},"24":{"name":"handleBugReport","decl":{"start":{"line":125,"column":22},"end":{"line":125,"column":38}},"loc":{"start":{"line":125,"column":108},"end":{"line":136,"column":null}},"line":125},"25":{"name":"(anonymous_25)","decl":{"start":{"line":127,"column":59},"end":{"line":127,"column":67}},"loc":{"start":{"line":127,"column":73},"end":{"line":127,"column":81}},"line":127},"26":{"name":"(anonymous_26)","decl":{"start":{"line":136,"column":124},"end":{"line":136,"column":129}},"loc":{"start":{"line":136,"column":138},"end":{"line":136,"column":155}},"line":136},"27":{"name":"handleSuggestFix","decl":{"start":{"line":139,"column":22},"end":{"line":139,"column":39}},"loc":{"start":{"line":139,"column":151},"end":{"line":153,"column":null}},"line":139}},"branchMap":{"0":{"loc":{"start":{"line":18,"column":31},"end":{"line":18,"column":null}},"type":"if","locations":[{"start":{"line":18,"column":31},"end":{"line":18,"column":null}},{"start":{},"end":{}}],"line":18},"1":{"loc":{"start":{"line":19,"column":4},"end":{"line":19,"column":null}},"type":"if","locations":[{"start":{"line":19,"column":4},"end":{"line":19,"column":null}},{"start":{},"end":{}}],"line":19},"2":{"loc":{"start":{"line":23,"column":90},"end":{"line":23,"column":123}},"type":"binary-expr","locations":[{"start":{"line":23,"column":90},"end":{"line":23,"column":109}},{"start":{"line":23,"column":109},"end":{"line":23,"column":123}}],"line":23},"3":{"loc":{"start":{"line":24,"column":47},"end":{"line":24,"column":107}},"type":"cond-expr","locations":[{"start":{"line":24,"column":68},"end":{"line":24,"column":101}},{"start":{"line":24,"column":104},"end":{"line":24,"column":107}}],"line":24},"4":{"loc":{"start":{"line":36,"column":6},"end":{"line":36,"column":null}},"type":"if","locations":[{"start":{"line":36,"column":6},"end":{"line":36,"column":null}},{"start":{},"end":{}}],"line":36},"5":{"loc":{"start":{"line":37,"column":6},"end":{"line":37,"column":null}},"type":"if","locations":[{"start":{"line":37,"column":6},"end":{"line":37,"column":null}},{"start":{},"end":{}}],"line":37},"6":{"loc":{"start":{"line":44,"column":4},"end":{"line":44,"column":null}},"type":"if","locations":[{"start":{"line":44,"column":4},"end":{"line":44,"column":null}},{"start":{},"end":{}}],"line":44},"7":{"loc":{"start":{"line":47,"column":24},"end":{"line":47,"column":null}},"type":"cond-expr","locations":[{"start":{"line":47,"column":60},"end":{"line":47,"column":66}},{"start":{"line":47,"column":66},"end":{"line":47,"column":null}}],"line":47},"8":{"loc":{"start":{"line":47,"column":66},"end":{"line":47,"column":null}},"type":"cond-expr","locations":[{"start":{"line":47,"column":98},"end":{"line":47,"column":104}},{"start":{"line":47,"column":104},"end":{"line":47,"column":null}}],"line":47},"9":{"loc":{"start":{"line":48,"column":71},"end":{"line":48,"column":115}},"type":"cond-expr","locations":[{"start":{"line":48,"column":86},"end":{"line":48,"column":104}},{"start":{"line":48,"column":104},"end":{"line":48,"column":115}}],"line":48},"10":{"loc":{"start":{"line":53,"column":57},"end":{"line":53,"column":90}},"type":"binary-expr","locations":[{"start":{"line":53,"column":57},"end":{"line":53,"column":85}},{"start":{"line":53,"column":85},"end":{"line":53,"column":90}}],"line":53},"11":{"loc":{"start":{"line":57,"column":153},"end":{"line":57,"column":182}},"type":"binary-expr","locations":[{"start":{"line":57,"column":153},"end":{"line":57,"column":176}},{"start":{"line":57,"column":176},"end":{"line":57,"column":182}}],"line":57},"12":{"loc":{"start":{"line":57,"column":187},"end":{"line":57,"column":210}},"type":"binary-expr","locations":[{"start":{"line":57,"column":187},"end":{"line":57,"column":207}},{"start":{"line":57,"column":207},"end":{"line":57,"column":210}}],"line":57},"13":{"loc":{"start":{"line":83,"column":30},"end":{"line":83,"column":null}},"type":"if","locations":[{"start":{"line":83,"column":30},"end":{"line":83,"column":null}},{"start":{},"end":{}}],"line":83},"14":{"loc":{"start":{"line":86,"column":2},"end":{"line":91,"column":null}},"type":"if","locations":[{"start":{"line":86,"column":2},"end":{"line":91,"column":null}},{"start":{},"end":{}}],"line":86},"15":{"loc":{"start":{"line":89,"column":6},"end":{"line":89,"column":null}},"type":"if","locations":[{"start":{"line":89,"column":6},"end":{"line":89,"column":null}},{"start":{},"end":{}}],"line":89},"16":{"loc":{"start":{"line":91,"column":6},"end":{"line":91,"column":null}},"type":"if","locations":[{"start":{"line":91,"column":6},"end":{"line":91,"column":null}},{"start":{},"end":{}}],"line":91},"17":{"loc":{"start":{"line":95,"column":22},"end":{"line":95,"column":119}},"type":"cond-expr","locations":[{"start":{"line":95,"column":44},"end":{"line":95,"column":64}},{"start":{"line":95,"column":67},"end":{"line":95,"column":119}}],"line":95},"18":{"loc":{"start":{"line":98,"column":4},"end":{"line":98,"column":null}},"type":"if","locations":[{"start":{"line":98,"column":4},"end":{"line":98,"column":null}},{"start":{},"end":{}}],"line":98},"19":{"loc":{"start":{"line":103,"column":6},"end":{"line":103,"column":null}},"type":"if","locations":[{"start":{"line":103,"column":6},"end":{"line":103,"column":null}},{"start":{},"end":{}}],"line":103},"20":{"loc":{"start":{"line":103,"column":10},"end":{"line":103,"column":103}},"type":"binary-expr","locations":[{"start":{"line":103,"column":10},"end":{"line":103,"column":19}},{"start":{"line":103,"column":19},"end":{"line":103,"column":39}},{"start":{"line":103,"column":39},"end":{"line":103,"column":60}},{"start":{"line":103,"column":60},"end":{"line":103,"column":103}}],"line":103},"21":{"loc":{"start":{"line":108,"column":6},"end":{"line":108,"column":null}},"type":"if","locations":[{"start":{"line":108,"column":6},"end":{"line":108,"column":null}},{"start":{},"end":{}}],"line":108},"22":{"loc":{"start":{"line":108,"column":10},"end":{"line":108,"column":53}},"type":"binary-expr","locations":[{"start":{"line":108,"column":10},"end":{"line":108,"column":16}},{"start":{"line":108,"column":16},"end":{"line":108,"column":53}}],"line":108},"23":{"loc":{"start":{"line":132,"column":4},"end":{"line":132,"column":null}},"type":"if","locations":[{"start":{"line":132,"column":4},"end":{"line":132,"column":null}},{"start":{},"end":{}}],"line":132},"24":{"loc":{"start":{"line":132,"column":8},"end":{"line":132,"column":84}},"type":"binary-expr","locations":[{"start":{"line":132,"column":8},"end":{"line":132,"column":31}},{"start":{"line":132,"column":35},"end":{"line":132,"column":58}},{"start":{"line":132,"column":62},"end":{"line":132,"column":84}}],"line":132},"25":{"loc":{"start":{"line":133,"column":4},"end":{"line":133,"column":null}},"type":"if","locations":[{"start":{"line":133,"column":4},"end":{"line":133,"column":null}},{"start":{},"end":{}}],"line":133},"26":{"loc":{"start":{"line":133,"column":8},"end":{"line":133,"column":326}},"type":"binary-expr","locations":[{"start":{"line":133,"column":8},"end":{"line":133,"column":31}},{"start":{"line":133,"column":35},"end":{"line":133,"column":58}},{"start":{"line":133,"column":62},"end":{"line":133,"column":84}},{"start":{"line":133,"column":88},"end":{"line":133,"column":121}},{"start":{"line":133,"column":125},"end":{"line":133,"column":154}},{"start":{"line":133,"column":158},"end":{"line":133,"column":190}},{"start":{"line":133,"column":194},"end":{"line":133,"column":227}},{"start":{"line":133,"column":231},"end":{"line":133,"column":257}},{"start":{"line":133,"column":261},"end":{"line":133,"column":289}},{"start":{"line":133,"column":293},"end":{"line":133,"column":326}}],"line":133},"27":{"loc":{"start":{"line":134,"column":4},"end":{"line":134,"column":null}},"type":"if","locations":[{"start":{"line":134,"column":4},"end":{"line":134,"column":null}},{"start":{},"end":{}}],"line":134},"28":{"loc":{"start":{"line":134,"column":8},"end":{"line":134,"column":125}},"type":"binary-expr","locations":[{"start":{"line":134,"column":8},"end":{"line":134,"column":32}},{"start":{"line":134,"column":36},"end":{"line":134,"column":59}},{"start":{"line":134,"column":63},"end":{"line":134,"column":93}},{"start":{"line":134,"column":97},"end":{"line":134,"column":125}}],"line":134},"29":{"loc":{"start":{"line":134,"column":138},"end":{"line":134,"column":null}},"type":"cond-expr","locations":[{"start":{"line":134,"column":159},"end":{"line":134,"column":170}},{"start":{"line":134,"column":170},"end":{"line":134,"column":null}}],"line":134},"30":{"loc":{"start":{"line":142,"column":2},"end":{"line":142,"column":null}},"type":"if","locations":[{"start":{"line":142,"column":2},"end":{"line":142,"column":null}},{"start":{},"end":{}}],"line":142},"31":{"loc":{"start":{"line":144,"column":2},"end":{"line":150,"column":null}},"type":"if","locations":[{"start":{"line":144,"column":2},"end":{"line":150,"column":null}},{"start":{"line":147,"column":9},"end":{"line":150,"column":null}}],"line":144},"32":{"loc":{"start":{"line":144,"column":6},"end":{"line":144,"column":35}},"type":"binary-expr","locations":[{"start":{"line":144,"column":6},"end":{"line":144,"column":24}},{"start":{"line":144,"column":24},"end":{"line":144,"column":35}}],"line":144},"33":{"loc":{"start":{"line":146,"column":4},"end":{"line":146,"column":null}},"type":"if","locations":[{"start":{"line":146,"column":4},"end":{"line":146,"column":null}},{"start":{},"end":{}}],"line":146},"34":{"loc":{"start":{"line":150,"column":6},"end":{"line":150,"column":null}},"type":"if","locations":[{"start":{"line":150,"column":6},"end":{"line":150,"column":null}},{"start":{},"end":{}}],"line":150}},"s":{"0":0,"1":0,"2":0,"3":0,"4":0,"5":0,"6":0,"7":0,"8":0,"9":0,"10":0,"11":0,"12":0,"13":0,"14":0,"15":0,"16":0,"17":0,"18":0,"19":0,"20":0,"21":0,"22":0,"23":0,"24":0,"25":0,"26":0,"27":0,"28":0,"29":0,"30":0,"31":0,"32":0,"33":0,"34":0,"35":0,"36":0,"37":0,"38":0,"39":0,"40":0,"41":0,"42":0,"43":0,"44":0,"45":0,"46":0,"47":0,"48":0,"49":0,"50":0,"51":0,"52":0,"53":0,"54":0,"55":0,"56":0,"57":0,"58":0,"59":0,"60":0,"61":0,"62":0,"63":0,"64":0,"65":0,"66":0,"67":0,"68":0,"69":0,"70":0,"71":0,"72":0,"73":0,"74":0,"75":0,"76":0,"77":0,"78":0,"79":0,"80":0,"81":0,"82":0,"83":0,"84":0,"85":0,"86":0,"87":0,"88":0,"89":0,"90":0,"91":0,"92":0,"93":0,"94":0,"95":0,"96":0,"97":0,"98":0,"99":0,"100":0,"101":0,"102":0,"103":0,"104":0,"105":0,"106":0,"107":0,"108":0,"109":0,"110":0,"111":0,"112":0,"113":0,"114":0,"115":0,"116":0,"117":0,"118":0,"119":0,"120":0,"121":0,"122":0,"123":0,"124":0,"125":0,"126":0,"127":0,"128":0,"129":0,"130":0,"131":0,"132":0,"133":0,"134":0},"f":{"0":0,"1":0,"2":0,"3":0,"4":0,"5":0,"6":0,"7":0,"8":0,"9":0,"10":0,"11":0,"12":0,"13":0,"14":0,"15":0,"16":0,"17":0,"18":0,"19":0,"20":0,"21":0,"22":0,"23":0,"24":0,"25":0,"26":0,"27":0},"b":{"0":[0,0],"1":[0,0],"2":[0,0],"3":[0,0],"4":[0,0],"5":[0,0],"6":[0,0],"7":[0,0],"8":[0,0],"9":[0,0],"10":[0,0],"11":[0,0],"12":[0,0],"13":[0,0],"14":[0,0],"15":[0,0],"16":[0,0],"17":[0,0],"18":[0,0],"19":[0,0],"20":[0,0,0,0],"21":[0,0],"22":[0,0],"23":[0,0],"24":[0,0,0],"25":[0,0],"26":[0,0,0,0,0,0,0,0,0,0],"27":[0,0],"28":[0,0,0,0],"29":[0,0],"30":[0,0],"31":[0,0],"32":[0,0],"33":[0,0],"34":[0,0]},"meta":{"lastBranch":35,"lastFunction":28,"lastStatement":135,"seen":{"f:10:22:10:41":0,"s:11:8:11:41":0,"s:12:8:12:34":1,"s:13:19:13:86":2,"f:13:59:13:67":1,"s:13:73:13:86":3,"s:14:53:14:55":4,"s:15:2:19:Infinity":5,"s:16:17:16:70":6,"s:17:16:17:Infinity":7,"s:18:4:18:Infinity":8,"b:18:31:18:Infinity:undefined:undefined:undefined:undefined":0,"s:18:31:18:Infinity":9,"s:18:54:18:Infinity":10,"b:19:4:19:Infinity:undefined:undefined:undefined:undefined":1,"s:19:4:19:Infinity":11,"s:19:19:19:Infinity":12,"s:21:2:21:Infinity":13,"f:21:10:21:16":2,"s:21:25:21:43":14,"s:22:19:22:57":15,"f:22:39:22:44":3,"s:22:50:22:57":16,"s:23:16:23:139":17,"f:23:25:23:30":4,"s:23:39:23:139":18,"f:23:76:23:84":5,"s:23:90:23:123":19,"b:23:90:23:109:23:109:23:123":2,"s:24:2:24:Infinity":20,"b:24:68:24:101:24:104:24:107":3,"f:27:22:27:41":6,"s:28:8:28:41":21,"s:29:8:29:34":22,"s:30:8:30:48":23,"s:31:19:31:86":24,"f:31:59:31:67":7,"s:31:73:31:86":25,"s:32:21:32:132":26,"f:32:36:32:44":8,"s:32:50:32:131":27,"f:32:59:32:65":9,"s:32:71:32:130":28,"s:33:18:33:45":29,"s:34:2:37:Infinity":30,"s:35:4:37:Infinity":31,"b:36:6:36:Infinity:undefined:undefined:undefined:undefined":4,"s:36:6:36:Infinity":32,"s:36:27:36:Infinity":33,"b:37:6:37:Infinity:undefined:undefined:undefined:undefined":5,"s:37:6:37:Infinity":34,"s:37:25:37:Infinity":35,"s:40:22:40:Infinity":36,"s:41:30:41:32":37,"s:42:2:48:Infinity":38,"s:43:10:43:46":39,"b:44:4:44:Infinity:undefined:undefined:undefined:undefined":6,"s:44:4:44:Infinity":40,"s:44:18:44:Infinity":41,"s:45:4:48:Infinity":42,"s:46:27:46:44":43,"s:47:24:47:Infinity":44,"b:47:60:47:66:47:66:47:Infinity":7,"b:47:98:47:104:47:104:47:Infinity":8,"s:48:6:48:Infinity":45,"b:48:86:48:104:48:104:48:115":9,"s:51:2:51:Infinity":46,"f:51:10:51:16":10,"s:51:25:51:43":47,"s:52:48:52:50":48,"s:53:2:53:Infinity":49,"s:53:29:53:Infinity":50,"b:53:57:53:85:53:85:53:90":10,"s:54:16:54:Infinity":51,"s:55:21:55:44":52,"s:56:2:64:Infinity":53,"b:57:153:57:176:57:176:57:182":11,"b:57:187:57:207:57:207:57:210":12,"f:67:22:67:39":11,"s:68:8:68:41":54,"s:69:8:69:34":55,"s:70:16:70:206":56,"f:70:34:70:39":12,"s:70:52:70:206":57,"f:70:137:70:145":13,"s:70:151:70:168":58,"f:70:169:70:174":14,"s:70:180:70:187":59,"s:71:2:71:Infinity":60,"f:71:43:71:50":15,"s:71:56:71:67":61,"f:74:22:74:37":16,"s:75:8:75:41":62,"s:76:8:76:34":63,"s:77:19:77:86":64,"f:77:59:77:67":17,"s:77:73:77:86":65,"s:78:47:81:Infinity":66,"s:82:19:82:32":67,"s:83:2:83:Infinity":68,"b:83:30:83:Infinity:undefined:undefined:undefined:undefined":13,"s:83:30:83:Infinity":69,"s:83:49:83:Infinity":70,"s:84:22:84:44":71,"s:85:17:85:127":72,"f:85:28:85:36":18,"s:85:42:85:126":73,"f:85:54:85:60":19,"s:85:66:85:125":74,"b:86:2:91:Infinity:undefined:undefined:undefined:undefined":14,"s:86:2:91:Infinity":75,"s:87:4:91:Infinity":76,"s:88:12:88:48":77,"b:89:6:89:Infinity:undefined:undefined:undefined:undefined":15,"s:89:6:89:Infinity":78,"s:89:20:89:Infinity":79,"s:90:27:90:48":80,"b:91:6:91:Infinity:undefined:undefined:undefined:undefined":16,"s:91:6:91:Infinity":81,"f:91:22:91:28":20,"s:91:34:91:58":82,"s:91:61:91:Infinity":83,"s:94:32:94:34":84,"s:95:22:95:119":85,"b:95:44:95:64:95:67:95:119":17,"f:95:78:95:86":21,"s:95:92:95:118":86,"s:96:2:108:Infinity":87,"s:97:10:97:46":88,"b:98:4:98:Infinity:undefined:undefined:undefined:undefined":18,"s:98:4:98:Infinity":89,"s:98:18:98:Infinity":90,"s:99:21:99:Infinity":91,"s:101:4:103:Infinity":92,"s:102:20:102:52":93,"b:103:6:103:Infinity:undefined:undefined:undefined:undefined":19,"s:103:6:103:Infinity":94,"b:103:10:103:19:103:19:103:39:103:39:103:60:103:60:103:103":20,"s:103:105:103:Infinity":95,"s:105:23:105:Infinity":96,"s:106:4:108:Infinity":97,"s:107:17:107:28":98,"b:108:6:108:Infinity:undefined:undefined:undefined:undefined":21,"s:108:6:108:Infinity":99,"b:108:10:108:16:108:16:108:53":22,"s:108:55:108:Infinity":100,"s:111:16:116:Infinity":101,"f:114:28:114:33":22,"s:114:39:114:101":102,"s:117:17:121:Infinity":103,"f:119:31:119:36":23,"s:119:42:119:165":104,"s:122:2:122:Infinity":105,"f:125:22:125:38":24,"s:126:8:126:41":106,"s:127:16:127:82":107,"f:127:59:127:67":25,"s:127:73:127:81":108,"s:128:26:128:28":109,"s:129:40:129:Infinity":110,"s:130:2:134:Infinity":111,"s:131:18:131:36":112,"b:132:4:132:Infinity:undefined:undefined:undefined:undefined":23,"s:132:4:132:Infinity":113,"b:132:8:132:31:132:35:132:58:132:62:132:84":24,"s:132:86:132:Infinity":114,"b:133:4:133:Infinity:undefined:undefined:undefined:undefined":25,"s:133:4:133:Infinity":115,"b:133:8:133:31:133:35:133:58:133:62:133:84:133:88:133:121:133:125:133:154:133:158:133:190:133:194:133:227:133:231:133:257:133:261:133:289:133:293:133:326":26,"s:133:328:133:Infinity":116,"b:134:4:134:Infinity:undefined:undefined:undefined:undefined":27,"s:134:4:134:Infinity":117,"b:134:8:134:32:134:36:134:59:134:63:134:93:134:97:134:125":28,"s:134:127:134:Infinity":118,"b:134:159:134:170:134:170:134:Infinity":29,"s:136:2:136:Infinity":119,"f:136:124:136:129":26,"s:136:138:136:155":120,"f:139:22:139:39":27,"s:140:8:140:41":121,"s:141:8:141:53":122,"b:142:2:142:Infinity:undefined:undefined:undefined:undefined":30,"s:142:2:142:Infinity":123,"s:142:16:142:Infinity":124,"s:143:56:143:58":125,"b:144:2:150:Infinity:147:9:150:Infinity":31,"s:144:2:150:Infinity":126,"b:144:6:144:24:144:24:144:35":32,"s:145:10:145:68":127,"b:146:4:146:Infinity:undefined:undefined:undefined:undefined":33,"s:146:4:146:Infinity":128,"s:146:11:146:Infinity":129,"s:148:4:150:Infinity":130,"s:149:12:149:65":131,"b:150:6:150:Infinity:undefined:undefined:undefined:undefined":34,"s:150:6:150:Infinity":132,"s:150:13:150:Infinity":133,"s:153:2:153:Infinity":134}}}
,"C:\\Users\\User\\vibeguide\\src\\mcp\\handlers\\deploy.ts": {"path":"C:\\Users\\User\\vibeguide\\src\\mcp\\handlers\\deploy.ts","statementMap":{"0":{"start":{"line":11,"column":8},"end":{"line":11,"column":41}},"1":{"start":{"line":12,"column":8},"end":{"line":12,"column":34}},"2":{"start":{"line":13,"column":8},"end":{"line":13,"column":48}},"3":{"start":{"line":14,"column":8},"end":{"line":14,"column":33}},"4":{"start":{"line":15,"column":32},"end":{"line":15,"column":34}},"5":{"start":{"line":17,"column":2},"end":{"line":33,"column":null}},"6":{"start":{"line":18,"column":19},"end":{"line":18,"column":null}},"7":{"start":{"line":19,"column":24},"end":{"line":19,"column":null}},"8":{"start":{"line":20,"column":4},"end":{"line":25,"column":null}},"9":{"start":{"line":21,"column":12},"end":{"line":21,"column":48}},"10":{"start":{"line":22,"column":6},"end":{"line":22,"column":null}},"11":{"start":{"line":22,"column":20},"end":{"line":22,"column":null}},"12":{"start":{"line":23,"column":6},"end":{"line":25,"column":null}},"13":{"start":{"line":24,"column":8},"end":{"line":24,"column":null}},"14":{"start":{"line":25,"column":8},"end":{"line":25,"column":null}},"15":{"start":{"line":25,"column":47},"end":{"line":25,"column":null}},"16":{"start":{"line":28,"column":4},"end":{"line":33,"column":null}},"17":{"start":{"line":36,"column":2},"end":{"line":44,"column":null}},"18":{"start":{"line":37,"column":10},"end":{"line":37,"column":null}},"19":{"start":{"line":38,"column":27},"end":{"line":38,"column":null}},"20":{"start":{"line":39,"column":4},"end":{"line":44,"column":null}},"21":{"start":{"line":47,"column":2},"end":{"line":60,"column":null}},"22":{"start":{"line":48,"column":21},"end":{"line":48,"column":38}},"23":{"start":{"line":49,"column":21},"end":{"line":49,"column":38}},"24":{"start":{"line":50,"column":4},"end":{"line":52,"column":null}},"25":{"start":{"line":51,"column":6},"end":{"line":51,"column":null}},"26":{"start":{"line":52,"column":6},"end":{"line":52,"column":null}},"27":{"start":{"line":54,"column":20},"end":{"line":54,"column":82}},"28":{"start":{"line":54,"column":45},"end":{"line":54,"column":81}},"29":{"start":{"line":55,"column":4},"end":{"line":60,"column":null}},"30":{"start":{"line":63,"column":20},"end":{"line":63,"column":null}},"31":{"start":{"line":64,"column":2},"end":{"line":69,"column":null}},"32":{"start":{"line":65,"column":10},"end":{"line":65,"column":46}},"33":{"start":{"line":66,"column":4},"end":{"line":66,"column":null}},"34":{"start":{"line":66,"column":18},"end":{"line":66,"column":null}},"35":{"start":{"line":67,"column":15},"end":{"line":67,"column":null}},"36":{"start":{"line":68,"column":20},"end":{"line":68,"column":37}},"37":{"start":{"line":69,"column":4},"end":{"line":69,"column":null}},"38":{"start":{"line":69,"column":17},"end":{"line":69,"column":null}},"39":{"start":{"line":71,"column":2},"end":{"line":76,"column":null}},"40":{"start":{"line":78,"column":8},"end":{"line":78,"column":47}},"41":{"start":{"line":79,"column":2},"end":{"line":84,"column":null}},"42":{"start":{"line":82,"column":98},"end":{"line":82,"column":108}},"43":{"start":{"line":83,"column":32},"end":{"line":83,"column":58}},"44":{"start":{"line":83,"column":92},"end":{"line":83,"column":114}},"45":{"start":{"line":86,"column":8},"end":{"line":86,"column":41}},"46":{"start":{"line":87,"column":2},"end":{"line":92,"column":null}},"47":{"start":{"line":94,"column":48},"end":{"line":94,"column":null}},"48":{"start":{"line":95,"column":25},"end":{"line":95,"column":null}},"49":{"start":{"line":96,"column":24},"end":{"line":96,"column":102}},"50":{"start":{"line":96,"column":45},"end":{"line":96,"column":102}},"51":{"start":{"line":97,"column":20},"end":{"line":97,"column":49}},"52":{"start":{"line":97,"column":40},"end":{"line":97,"column":49}},"53":{"start":{"line":98,"column":18},"end":{"line":102,"column":null}},"54":{"start":{"line":102,"column":35},"end":{"line":102,"column":45}},"55":{"start":{"line":104,"column":2},"end":{"line":104,"column":null}}},"fnMap":{"0":{"name":"handleDeployCheck","decl":{"start":{"line":10,"column":22},"end":{"line":10,"column":40}},"loc":{"start":{"line":10,"column":177},"end":{"line":104,"column":null}},"line":10},"1":{"name":"(anonymous_1)","decl":{"start":{"line":54,"column":31},"end":{"line":54,"column":39}},"loc":{"start":{"line":54,"column":45},"end":{"line":54,"column":81}},"line":54},"2":{"name":"(anonymous_2)","decl":{"start":{"line":82,"column":87},"end":{"line":82,"column":92}},"loc":{"start":{"line":82,"column":98},"end":{"line":82,"column":108}},"line":82},"3":{"name":"(anonymous_3)","decl":{"start":{"line":83,"column":20},"end":{"line":83,"column":26}},"loc":{"start":{"line":83,"column":32},"end":{"line":83,"column":58}},"line":83},"4":{"name":"(anonymous_4)","decl":{"start":{"line":83,"column":80},"end":{"line":83,"column":86}},"loc":{"start":{"line":83,"column":92},"end":{"line":83,"column":114}},"line":83},"5":{"name":"(anonymous_5)","decl":{"start":{"line":96,"column":31},"end":{"line":96,"column":39}},"loc":{"start":{"line":96,"column":45},"end":{"line":96,"column":102}},"line":96},"6":{"name":"(anonymous_6)","decl":{"start":{"line":97,"column":27},"end":{"line":97,"column":34}},"loc":{"start":{"line":97,"column":40},"en
[...]
:{"line":29,"column":null}},"type":"if","locations":[{"start":{"line":9,"column":2},"end":{"line":29,"column":null}},{"start":{},"end":{}}],"line":9},"1":{"loc":{"start":{"line":14,"column":15},"end":{"line":14,"column":null}},"type":"binary-expr","locations":[{"start":{"line":14,"column":15},"end":{"line":14,"column":37}},{"start":{"line":14,"column":37},"end":{"line":14,"column":null}}],"line":14},"2":{"loc":{"start":{"line":15,"column":18},"end":{"line":15,"column":null}},"type":"binary-expr","locations":[{"start":{"line":15,"column":18},"end":{"line":15,"column":43}},{"start":{"line":15,"column":43},"end":{"line":15,"column":null}}],"line":15},"3":{"loc":{"start":{"line":16,"column":19},"end":{"line":16,"column":null}},"type":"binary-expr","locations":[{"start":{"line":16,"column":19},"end":{"line":16,"column":45}},{"start":{"line":16,"column":45},"end":{"line":16,"column":null}}],"line":16},"4":{"loc":{"start":{"line":17,"column":20},"end":{"line":17,"column":null}},"type":"binary-expr","locations":[{"start":{"line":17,"column":20},"end":{"line":17,"column":47}},{"start":{"line":17,"column":47},"end":{"line":17,"column":null}}],"line":17},"5":{"loc":{"start":{"line":21,"column":8},"end":{"line":21,"column":null}},"type":"if","locations":[{"start":{"line":21,"column":8},"end":{"line":21,"column":null}},{"start":{},"end":{}}],"line":21},"6":{"loc":{"start":{"line":23,"column":20},"end":{"line":23,"column":null}},"type":"binary-expr","locations":[{"start":{"line":23,"column":20},"end":{"line":23,"column":36}},{"start":{"line":23,"column":36},"end":{"line":23,"column":null}}],"line":23},"7":{"loc":{"start":{"line":24,"column":8},"end":{"line":24,"column":null}},"type":"if","locations":[{"start":{"line":24,"column":8},"end":{"line":24,"column":null}},{"start":{},"end":{}}],"line":24},"8":{"loc":{"start":{"line":33,"column":2},"end":{"line":61,"column":null}},"type":"if","locations":[{"start":{"line":33,"column":2},"end":{"line":61,"column":null}},{"start":{},"end":{}}],"line":33},"9":{"loc":{"start":{"line":43,"column":8},"end":{"line":49,"column":null}},"type":"if","locations":[{"start":{"line":43,"column":8},"end":{"line":49,"column":null}},{"start":{},"end":{}}],"line":43},"10":{"loc":{"start":{"line":43,"column":12},"end":{"line":43,"column":28}},"type":"binary-expr","locations":[{"start":{"line":43,"column":12},"end":{"line":43,"column":18}},{"start":{"line":43,"column":18},"end":{"line":43,"column":24}},{"start":{"line":43,"column":24},"end":{"line":43,"column":28}}],"line":43},"11":{"loc":{"start":{"line":48,"column":22},"end":{"line":48,"column":null}},"type":"cond-expr","locations":[{"start":{"line":48,"column":30},"end":{"line":48,"column":55}},{"start":{"line":48,"column":58},"end":{"line":48,"column":null}}],"line":48},"12":{"loc":{"start":{"line":49,"column":10},"end":{"line":49,"column":null}},"type":"if","locations":[{"start":{"line":49,"column":10},"end":{"line":49,"column":null}},{"start":{},"end":{}}],"line":49},"13":{"loc":{"start":{"line":52,"column":23},"end":{"line":52,"column":null}},"type":"cond-expr","locations":[{"start":{"line":52,"column":37},"end":{"line":52,"column":74}},{"start":{"line":52,"column":77},"end":{"line":52,"column":null}}],"line":52}},"s":{"0":0,"1":0,"2":0,"3":0,"4":0,"5":0,"6":0,"7":0,"8":0,"9":0,"10":0,"11":0,"12":0,"13":0,"14":0,"15":0,"16":0,"17":0,"18":0,"19":0,"20":0,"21":0,"22":0,"23":0,"24":0,"25":0,"26":0,"27":0,"28":0,"29":0,"30":0,"31":0,"32":0,"33":0,"34":0,"35":0,"36":0,"37":0,"38":0,"39":0,"40":0,"41":0,"42":0},"f":{"0":0,"1":0,"2":0},"b":{"0":[0,0],"1":[0,0],"2":[0,0],"3":[0,0],"4":[0,0],"5":[0,0],"6":[0,0],"7":[0,0],"8":[0,0],"9":[0,0],"10":[0,0,0],"11":[0,0],"12":[0,0],"13":[0,0]},"meta":{"lastBranch":14,"lastFunction":3,"lastStatement":43,"seen":{"f:7:16:7:32":0,"s:8:22:8:74":0,"b:9:2:29:Infinity:undefined:undefined:undefined:undefined":0,"s:9:2:29:Infinity":1,"s:10:4:29:Infinity":2,"s:11:19:11:68":3,"s:12:21:12:Infinity":4,"s:13:16:18:Infinity":5,"b:14:15:14:37:14:37:14:Infinity":1,"b:15:18:15:43:15:43:15:Infinity":2,"b:16:19:16:45:16:45:16:Infinity":3,"b:17:20:17:47:17:47:17:Infinity":4,"s:19:54:19:56":6,"s:20:6:24:Infinity":7,"b:21:8:21:Infinity:undefined:undefined:undefined:undefined":5,"s:21:8:21:Infinity":8,"s:21:30:21:Infinity":9,"s:22:18:22:Infinity":10,"s:23:20:23:Infinity":11,"b:23:20:23:36:23:36:23:Infinity":6,"b:24:8:24:Infinity:undefined:undefined:undefined:undefined":7,"s:24:8:24:Infinity":12,"s:24:22:24:Infinity":13,"s:26:6:26:Infinity":14,"f:26:11:26:17":1,"s:26:26:26:44":15,"s:27:22:27:Infinity":16,"s:28:6:28:Infinity":17,"s:32:19:32:59":18,"b:33:2:61:Infinity:undefined:undefined:undefined:undefined":8,"s:33:2:61:Infinity":19,"s:34:4:61:Infinity":20,"s:35:22:35:56":21,"s:36:20:36:23":22,"s:36:33:36:Infinity":23,"s:37:22:37:52":24,"s:38:59:38:61":25,"s:39:6:49:Infinity":26,"s:40:19:40:38":27,"s:41:19:41:39":28,"s:42:19:42:39":29,"b:43:8:49:Infinity:undefined:undefined:undefined:undefined":9,"s:43:8:49:Infinity":30,"b:43:12:43:18:43:18:43:24:43:24:43:28":10,"s:44:20:44:39":31,"s:45:20:45:39":32,"s:46:10:46:Infinity":33,"s:47:10:47:Infinity":34,"s:48:22:48:Infinity":35,"b:48:30:48:55:48:58:48:Infinity":11,"b:49:10:49:Infinity:undefined:undefined:undefined:undefined":12,"s:49:10:49:Infinity":36,"s:49:24:49:Infinity":37,"s:52:23:52:Infinity":38,"b:52:37:52:74:52:77:52:Infinity":13,"s:53:6:53:Infinity":39,"f:53:16:53:22":2,"s:53:31:53:49":40,"s:54:6:60:Infinity":41,"s:64:2:68:Infinity":42}}}
,"C:\\Users\\User\\vibeguide\\src\\utils\\typeCheck.ts": {"path":"C:\\Users\\User\\vibeguide\\src\\utils\\typeCheck.ts","statementMap":{"0":{"start":{"line":9,"column":16},"end":{"line":9,"column":26}},"1":{"start":{"line":10,"column":30},"end":{"line":10,"column":32}},"2":{"start":{"line":11,"column":15},"end":{"line":11,"column":null}},"3":{"start":{"line":12,"column":15},"end":{"line":12,"column":null}},"4":{"start":{"line":13,"column":17},"end":{"line":13,"column":null}},"5":{"start":{"line":14,"column":23},"end":{"line":14,"column":null}},"6":{"start":{"line":16,"column":21},"end":{"line":16,"column":80}},"7":{"start":{"line":17,"column":18},"end":{"line":17,"column":null}},"8":{"start":{"line":18,"column":22},"end":{"line":18,"column":null}},"9":{"start":{"line":20,"column":2},"end":{"line":27,"column":null}},"10":{"start":{"line":21,"column":4},"end":{"line":21,"column":null}},"11":{"start":{"line":23,"column":14},"end":{"line":23,"column":null}},"12":{"start":{"line":24,"column":4},"end":{"line":24,"column":null}},"13":{"start":{"line":25,"column":4},"end":{"line":25,"column":null}},"14":{"start":{"line":26,"column":4},"end":{"line":26,"column":null}},"15":{"start":{"line":27,"column":4},"end":{"line":27,"column":null}},"16":{"start":{"line":30,"column":19},"end":{"line":30,"column":null}},"17":{"start":{"line":31,"column":20},"end":{"line":31,"column":null}},"18":{"start":{"line":33,"column":2},"end":{"line":42,"column":null}},"19":{"start":{"line":34,"column":10},"end":{"line":34,"column":81}},"20":{"start":{"line":35,"column":4},"end":{"line":42,"column":null}},"21":{"start":{"line":45,"column":21},"end":{"line":45,"column":null}},"22":{"start":{"line":46,"column":30},"end":{"line":46,"column":null}},"23":{"start":{"line":47,"column":17},"end":{"line":47,"column":null}},"24":{"start":{"line":49,"column":2},"end":{"line":54,"column":null}},"25":{"start":{"line":50,"column":4},"end":{"line":50,"column":null}},"26":{"start":{"line":51,"column":13},"end":{"line":54,"column":null}},"27":{"start":{"line":52,"column":4},"end":{"line":52,"column":null}},"28":{"start":{"line":54,"column":4},"end":{"line":54,"column":null}},"29":{"start":{"line":57,"column":2},"end":{"line":64,"column":null}},"30":{"start":{"line":68,"column":38},"end":{"line":77,"column":null}},"31":{"start":{"line":78,"column":2},"end":{"line":78,"column":null}}},"fnMap":{"0":{"name":"runTypeCheck","decl":{"start":{"line":8,"column":16},"end":{"line":8,"column":29}},"loc":{"start":{"line":8,"column":60},"end":{"line":64,"column":null}},"line":8},"1":{"name":"translateTsError","decl":{"start":{"line":67,"column":9},"end":{"line":67,"column":26}},"loc":{"start":{"line":67,"column":61},"end":{"line":78,"column":null}},"line":67}},"branchMap":{"0":{"loc":{"start":{"line":17,"column":18},"end":{"line":17,"column":null}},"type":"cond-expr","locations":[{"start":{"line":17,"column":46},"end":{"line":17,"column":65}},{"start":{"line":17,"column":65},"end":{"line":17,"column":null}}],"line":17},"1":{"loc":{"start":{"line":18,"column":22},"end":{"line":18,"column":null}},"type":"cond-expr","locations":[{"start":{"line":18,"column":50},"end":{"line":18,"column":98}},{"start":{"line":18,"column":98},"end":{"line":18,"column":null}}],"line":18},"2":{"loc":{"start":{"line":24,"column":15},"end":{"line":24,"column":null}},"type":"binary-expr","locations":[{"start":{"line":24,"column":15},"end":{"line":24,"column":28}},{"start":{"line":24,"column":28},"end":{"line":24,"column":null}}],"line":24},"3":{"loc":{"start":{"line":24,"column":28},"end":{"line":24,"column":null}},"type":"cond-expr","locations":[{"start":{"line":24,"column":50},"end":{"line":24,"column":56}},{"start":{"line":24,"column":56},"end":{"line":24,"column":null}}],"line":24},"4":{"loc":{"start":{"line":25,"column":14},"end":{"line":25,"column":30}},"type":"binary-expr","locations":[{"start":{"line":25,"column":14},"end":{"line":25,"column":26}},{"start":{"line":25,"column":26},"end":{"line":25,"column":30}}],"line":25},"5":{"loc":{"start":{"line":26,"column":14},"end":{"line":26,"column":30}},"type":"binary-expr","locations":[{"start":{"line":26,"column":14},"end":{"line":26,"column":26}},{"start":{"line":26,"column":26},"end":{"line":26,"column":30}}],"line":26},"6":{"loc":{"start":{"line":27,"column":21},"end":{"line":27,"column":null}},"type":"binary-expr","locations":[{"start":{"line":27,"column":21},"end":{"line":27,"column":34}},{"start":{"line":27,"column":34},"end":{"line":27,"column":null}}],"line":27},"7":{"loc":{"start":{"line":46,"column":30},"end":{"line":46,"column":null}},"type":"binary-expr","locations":[{"start":{"line":46,"column":30},"end":{"line":46,"column":48}},{"start":{"line":46,"column":48},"end":{"line":46,"column":null}}],"line":46},"8":{"loc":{"start":{"line":47,"column":17},"end":{"line":47,"column":null}},"type":"binary-expr","locations":[{"start":{"line":47,"column":17},"end":{"line":47,"column":35}},{"start":{"line":47,"column":35},"end":{"line":47,"column":null}}],"line":47},"9":{"loc":{"start":{"line":49,"column":2},"end":{"line":54,"column":null}},"type":"if","locations":[{"start":{"line":49,"column":2},"end":{"line":54,"column":null}},{"start":{"line":51,"column":13},"end":{"line":54,"column":null}}],"line":49},"10":{"loc":{"start":{"line":51,"column":13},"end":{"line":54,"column":null}},"type":"if","locations":[{"start":{"line":51,"column":13},"end":{"line":54,"column":null}},{"start":{"line":53,"column":9},"end":{"line":54,"column":null}}],"line":51},"11":{"loc":{"start":{"line":54,"column":63},"end":{"line":54,"column":169}},"type":"cond-expr","locations":[{"start":{"line":54,"column":75},"end":{"line":54,"column":163}},{"start":{"line":54,"column":163},"end":{"line":54,"column":169}}],"line":54},"12":{"loc":{"start":{"line":60,"column":18},"end":{"line":60,"column":null}},"type":"cond-expr","locations":[{"start":{"line":60,"column":40},"end":{"line":60,"column":44}},{"start":{"line":60,"column":44},"end":{"line":60,"column":null}}],"line":60},"13":{"loc":{"start":{"line":62,"column":13},"end":{"line":62,"column":null}},"type":"cond-expr","locations":[{"start":{"line":62,"column":53},"end":{"line":62,"column":93}},{"start":{"line":62,"column":93},"end":{"line":62,"column":null}}],"line":62},"14":{"loc":{"start":{"line":62,"column":13},"end":{"line":62,"column":53}},"type":"binary-expr","locations":[{"start":{"line":62,"column":13},"end":{"line":62,"column":31}},{"start":{"line":62,"column":31},"end":{"line":62,"column":53}}],"line":62},"15":{"loc":{"start":{"line":78,"column":9},"end":{"line":78,"column":null}},"type":"binary-expr","locations":[{"start":{"line":78,"column":9},"end":{"line":78,"column":23}},{"start":{"line":78,"column":23},"end":{"line":78,"column":null}}],"line":78}},"s":{"0":0,"1":0,"2":0,"3":0,"4":0,"5":0,"6":0,"7":0,"8":0,"9":0,"10":0,"11":0,"12":0,"13":0,"14":0,"15":0,"16":0,"17":0,"18":0,"19":0,"20":0,"21":0,"22":0,"23":0,"24":0,"25":0,"26":0,"27":0,"28":0,"29":0,"30":0,"31":0},"f":{"0":0,"1":0},"b":{"0":[0,0],"1":[0,0],"2":[0,0],"3":[0,0],"4":[0,0],"5":[0,0],"6":[0,0],"7":[0,0],"8":[0,0],"9":[0,0],"10":[0,0],"11":[0,0],"12":[0,0],"13":[0,0],"14":[0,0],"15":[0,0]},"meta":{"lastBranch":16,"lastFunction":2,"lastStatement":32,"seen":{"f:8:16:8:29":0,"s:9:16:9:26":0,"s:10:30:10:32":1,"s:11:15:11:Infinity":2,"s:12:15:12:Infinity":3,"s:13:17:13:Infinity":4,"s:14:23:14:Infinity":5,"s:16:21:16:80":6,"s:17:18:17:Infinity":7,"b:17:46:17:65:17:65:17:Infinity":0,"s:18:22:18:Infinity":8,"b:18:50:18:98:18:98:18:Infinity":1,"s:20:2:27:Infinity":9,"s:21:4:21:Infinity":10,"s:23:14:23:Infinity":11,"s:24:4:24:Infinity":12,"b:24:15:24:28:24:28:24:Infinity":2,"b:24:50:24:56:24:56:24:Infinity":3,"s:25:4:25:Infinity":13,"b:25:14:25:26:25:26:25:30":4,"s:26:4:26:Infinity":14,"b:26:14:26:26:26:26:26:30":5,"s:27:4:27:Infinity":15,"b:27:21:27:34:27:34:27:Infinity":6,"s:30:19:30:Infinity":16,"s:31:20:31:Infinity":17,"s:33:2:42:Infinity":18,"s:34:10:34:81":19,"s:35:4:42:Infinity":20,"s:45:21:45:Infinity":21,"s:46:30:46:Infinity":22,"b:46:30:46:48:46:48:46:Infinity":7,"s:47:17:47:Infinity":23,"b:47:17:47:35:47:35:47:Infinity":8,"b:49:2:54:Infinity:51:13:54:Infinity":9,"s:49:2:54:Infinity":24,"s:50:4:50:Infinity":25,"b:51:13:54:Infinity:53:9:54:Infinity":10,"s:51:13:54:Infinity":26,"s:52:4:52:Infinity":27,"s:54:4:54:Infinity":28,"b:54:75:54:163:54:163:54:169":11,"s:57:2:64:Infinity":29,"b:60:40:60:44:60:44:60:Infinity":12,"b:62:53:62:93:62:93:62:Infinity":13,"b:62:13:62:31:62:31:62:53":14,"f:67:9:67:26":1,"s:68:38:77:Infinity":30,"s:78:2:78:Infinity":31,"b:78:9:78:23:78:23:78:Infinity":15}}}
,"C:\\Users\\User\\vibeguide\\src\\utils\\vulnerabilityScanner.ts": {"path":"C:\\Users\\User\\vibeguide\\src\\utils\\vulnerabilityScanner.ts","statementMap":{"0":{"start":{"line":16,"column":43},"end":{"line":16,"column":45}},"1":{"start":{"line":18,"column":2},"end":{"line":48,"column":null}},"2":{"start":{"line":19,"column":20},"end":{"line":19,"column":51}},"3":{"start":{"line":20,"column":16},"end":{"line":20,"column":61}},"4":{"start":{"line":21,"column":17},"end":{"line":21,"column":null}},"5":{"start":{"line":24,"column":93},"end":{"line":30,"column":null}},"6":{"start":{"line":32,"column":4},"end":{"line":44,"column":null}},"7":{"start":{"line":33,"column":20},"end":{"line":33,"column":null}},"8":{"start":{"line":34,"column":6},"end":{"line":34,"column":null}},"9":{"start":{"line":34,"column":18},"end":{"line":34,"column":null}},"10":{"start":{"line":35,"column":23},"end":{"line":35,"column":68}},"11":{"start":{"line":36,"column":6},"end":{"line":44,"column":null}},"12":{"start":{"line":37,"column":8},"end":{"line":44,"column":null}},"13":{"start":{"line":38,"column":10},"end":{"line":44,"column":null}},"14":{"start":{"line":52,"column":2},"end":{"line":52,"column":null}},"15":{"start":{"line":56,"column":23},"end":{"line":56,"column":52}},"16":{"start":{"line":57,"column":2},"end":{"line":59,"column":null}},"17":{"start":{"line":58,"column":19},"end":{"line":58,"column":43}},"18":{"start":{"line":59,"column":4},"end":{"line":59,"column":null}},"19":{"start":{"line":61,"column":2},"end":{"line":61,"column":null}},"20":{"start":{"line":65,"column":17},"end":{"line":65,"column":41}},"21":{"start":{"line":66,"column":17},"end":{"line":66,"column":41}},"22":{"start":{"line":67,"column":2},"end":{"line":71,"column":null}},"23":{"start":{"line":67,"column":15},"end":{"line":67,"column":18}},"24":{"start":{"line":68,"column":17},"end":{"line":68,"column":null}},"25":{"start":{"line":69,"column":17},"end":{"line":69,"column":null}},"26":{"start":{"line":70,"column":4},"end":{"line":70,"column":null}},"27":{"start":{"line":70,"column":21},"end":{"line":70,"column":null}},"28":{"start":{"line":71,"column":4},"end":{"line":71,"column":null}},"29":{"start":{"line":71,"column":21},"end":{"line":71,"column":null}},"30":{"start":{"line":73,"column":2},"end":{"line":73,"column":null}}},"fnMap":{"0":{"name":"checkKnownVulnerabilities","decl":{"start":{"line":15,"column":16},"end":{"line":15,"column":42}},"loc":{"start":{"line":15,"column":73},"end":{"line":52,"column":null}},"line":15},"1":{"name":"isVulnerable","decl":{"start":{"line":55,"column":9},"end":{"line":55,"column":22}},"loc":{"start":{"line":55,"column":73},"end":{"line":61,"column":null}},"line":55},"2":{"name":"compareVersions","decl":{"start":{"line":64,"column":9},"end":{"line":64,"column":25}},"loc":{"start":{"line":64,"column":55},"end":{"line":73,"column":null}},"line":64}},"branchMap":{"0":{"loc":{"start":{"line":34,"column":6},"end":{"line":34,"column":null}},"type":"if","locations":[{"start":{"line":34,"column":6},"end":{"line":34,"column":null}},{"start":{},"end":{}}],"line":34},"1":{"loc":{"start":{"line":37,"column":8},"end":{"line":44,"column":null}},"type":"if","locations":[{"start":{"line":37,"column":8},"end":{"line":44,"column":null}},{"start":{},"end":{}}],"line":37},"2":{"loc":{"start":{"line":57,"column":2},"end":{"line":59,"column":null}},"type":"if","locations":[{"start":{"line":57,"column":2},"end":{"line":59,"column":null}},{"start":{},"end":{}}],"line":57},"3":{"loc":{"start":{"line":68,"column":17},"end":{"line":68,"column":null}},"type":"binary-expr","locations":[{"start":{"line":68,"column":17},"end":{"line":68,"column":30}},{"start":{"line":68,"column":30},"end":{"line":68,"column":null}}],"line":68},"4":{"loc":{"start":{"line":69,"column":17},"end":{"line":69,"column":null}},"type":"binary-expr","locations":[{"start":{"line":69,"column":17},"end":{"line":69,"column":30}},{"start":{"line":69,"column":30},"end":{"line":69,"column":null}}],"line":69},"5":{"loc":{"start":{"line":70,"column":4},"end":{"line":70,"column":null}},"type":"if","locations":[{"start":{"line":70,"column":4},"end":{"line":70,"column":null}},{"start":{},"end":{}}],"line":70},"6":{"loc":{"start":{"line":71,"column":4},"end":{"line":71,"column":null}},"type":"if","locations":[{"start":{"line":71,"column":4},"end":{"line":71,"column":null}},{"start":{},"end":{}}],"line":71}},"s":{"0":0,"1":0,"2":0,"3":0,"4":0,"5":0,"6":0,"7":0,"8":0,"9":0,"10":0,"11":0,"12":0,"13":0,"14":0,"15":0,"16":0,"17":0,"18":0,"19":0,"20":0,"21":0,"22":0,"23":0,"24":0,"25":0,"26":0,"27":0,"28":0,"29":0,"30":0},"f":{"0":0,"1":0,"2":0},"b":{"0":[0,0],"1":[0,0],"2":[0,0],"3":[0,0],"4":[0,0],"5":[0,0],"6":[0,0]},"meta":{"lastBranch":7,"lastFunction":3,"lastStatement":31,"seen":{"f:15:16:15:42":0,"s:16:43:16:45":0,"s:18:2:48:Infinity":1,"s:19:20:19:51":2,"s:20:16:20:61":3,"s:21:17:21:Infinity":4,"s:24:93:30:Infinity":5,"s:32:4:44:Infinity":6,"s:33:20:33:Infinity":7,"b:34:6:34:Infinity:undefined:undefined:undefined:undefined":0,"s:34:6:34:Infinity":8,"s:34:18:34:Infinity":9,"s:35:23:35:68":10,"s:36:6:44:Infinity":11,"b:37:8:44:Infinity:undefined:undefined:undefined:undefined":1,"s:37:8:44:Infinity":12,"s:38:10:44:Infinity":13,"s:52:2:52:Infinity":14,"f:55:9:55:22":1,"s:56:23:56:52":15,"b:57:2:59:Infinity:undefined:undefined:undefined:undefined":2,"s:57:2:59:Infinity":16,"s:58:19:58:43":17,"s:59:4:59:Infinity":18,"s:61:2:61:Infinity":19,"f:64:9:64:25":2,"s:65:17:65:41":20,"s:66:17:66:41":21,"s:67:2:71:Infinity":22,"s:67:15:67:18":23,"s:68:17:68:Infinity":24,"b:68:17:68:30:68:30:68:Infinity":3,"s:69:17:69:Infinity":25,"b:69:17:69:30:69:30:69:Infinity":4,"b:70:4:70:Infinity:undefined:undefined:undefined:undefined":5,"s:70:4:70:Infinity":26,"s:70:21:70:Infinity":27,"b:71:4:71:Infinity:undefined:undefined:undefined:undefined":6,"s:71:4:71:Infinity":28,"s:71:21:71:Infinity":29,"s:73:2:73:Infinity":30}}}
}
